2026-06-25 15:21:04,270 [INFO] ============================================================
2026-06-25 15:21:04,270 [INFO] START sync_operating_system — 2026-06-25 15:21:04.270173
2026-06-25 15:21:04,270 [INFO] ============================================================
2026-06-25 15:21:04,270 [INFO] Menghubungkan ke bcmdb sebagai sa...
2026-06-25 15:21:04,325 [INFO] Menghubungkan ke GRAFANADB sebagai sa...
2026-06-25 15:21:04,345 [INFO] [ensure_table] Tabel 'Atrium_CMDB_OperatingSystem' sudah tersedia di GRAFANADB.
2026-06-25 15:21:04,345 [INFO] [fetch] Query: SELECT ... FROM [bcmdbuser].[Atrium_CMDB_OperatingSystem]
2026-06-25 15:21:04,350 [INFO] [fetch] Berhasil membaca 33 baris dari bcmdb.bcmdbuser.Atrium_CMDB_OperatingSystem.
2026-06-25 15:21:04,352 [ERROR] [upsert] Gagal pada OSID=1000: ('42S22', "[42S22] [Microsoft][ODBC Driver 17 for SQL Server][SQL Server]Invalid column name 'InventoryID'. (207) (SQLExecDirectW); [42S22] [Microsoft][ODBC Driver 17 for SQL Server][SQL Server]Statement(s) could not be prepared. (8180)")
2026-06-25 15:21:04,359 [ERROR] [upsert] Gagal pada OSID=1001: ('42S22', "[42S22] [Microsoft][ODBC Driver 17 for SQL Server][SQL Server]Invalid column name 'InventoryID'. (207) (SQLExecDirectW); [42S22] [Microsoft][ODBC Driver 17 for SQL Server][SQL Server]Statement(s) could not be prepared. (8180)")
2026-06-25 15:21:04,360 [ERROR] [upsert] Gagal pada OSID=1002: ('42S22', "[42S22] [Microsoft][ODBC Driver 17 for SQL Server][SQL Server]Invalid column name 'InventoryID'. (207) (SQLExecDirectW)")
2026-06-25 15:21:04,360 [ERROR] [upsert] Gagal pada OSID=1003: ('42S22', "[42S22] [Microsoft][ODBC Driver 17 for SQL Server][SQL Server]Invalid column name 'InventoryID'. (207) (SQLExecDirectW)")
2026-06-25 15:21:04,361 [ERROR] [upsert] Gagal pada OSID=1004: ('42S22', "[42S22] [Microsoft][ODBC Driver 17 for SQL Server][SQL Server]Invalid column name 'InventoryID'. (207) (SQLExecDirectW)")
2026-06-25 15:21:04,362 [ERROR] [upsert] Gagal pada OSID=1005: ('42S22', "[42S22] [Microsoft][ODBC Driver 17 for SQL Server][SQL Server]Invalid column name 'InventoryID'. (207) (SQLExecDirectW)")
2026-06-25 15:21:04,363 [ERROR] [upsert] Gagal pada OSID=1006: ('42S22', "[42S22] [Microsoft][ODBC Driver 17 for SQL Server][SQL Server]Invalid column name 'InventoryID'. (207) (SQLExecDirectW)")
2026-06-25 15:21:04,364 [ERROR] [upsert] Gagal pada OSID=1007: ('42S22', "[42S22] [Microsoft][ODBC Driver 17 for SQL Server][SQL Server]Invalid column name 'InventoryID'. (207) (SQLExecDirectW)")
2026-06-25 15:21:04,364 [ERROR] [upsert] Gagal pada OSID=1008: ('42S22', "[42S22] [Microsoft][ODBC Driver 17 for SQL Server][SQL Server]Invalid column name 'InventoryID'. (207) (SQLExecDirectW)")
2026-06-25 15:21:04,365 [ERROR] [upsert] Gagal pada OSID=1009: ('42S22', "[42S22] [Microsoft][ODBC Driver 17 for SQL Server][SQL Server]Invalid column name 'InventoryID'. (207) (SQLExecDirectW)")
2026-06-25 15:21:04,366 [ERROR] [upsert] Gagal pada OSID=1010: ('42S22', "[42S22] [Microsoft][ODBC Driver 17 for SQL Server][SQL Server]Invalid column name 'InventoryID'. (207) (SQLExecDirectW)")
2026-06-25 15:21:04,367 [ERROR] [upsert] Gagal pada OSID=1011: ('42S22', "[42S22] [Microsoft][ODBC Driver 17 for SQL Server][SQL Server]Invalid column name 'InventoryID'. (207) (SQLExecDirectW)")
2026-06-25 15:21:04,367 [ERROR] [upsert] Gagal pada OSID=1012: ('42S22', "[42S22] [Microsoft][ODBC Driver 17 for SQL Server][SQL Server]Invalid column name 'InventoryID'. (207) (SQLExecDirectW)")
2026-06-25 15:21:04,368 [ERROR] [upsert] Gagal pada OSID=1013: ('42S22', "[42S22] [Microsoft][ODBC Driver 17 for SQL Server][SQL Server]Invalid column name 'InventoryID'. (207) (SQLExecDirectW)")
2026-06-25 15:21:04,369 [ERROR] [upsert] Gagal pada OSID=1014: ('42S22', "[42S22] [Microsoft][ODBC Driver 17 for SQL Server][SQL Server]Invalid column name 'InventoryID'. (207) (SQLExecDirectW)")
2026-06-25 15:21:04,370 [ERROR] [upsert] Gagal pada OSID=1015: ('42S22', "[42S22] [Microsoft][ODBC Driver 17 for SQL Server][SQL Server]Invalid column name 'InventoryID'. (207) (SQLExecDirectW)")
2026-06-25 15:21:04,371 [ERROR] [upsert] Gagal pada OSID=1016: ('42S22', "[42S22] [Microsoft][ODBC Driver 17 for SQL Server][SQL Server]Invalid column name 'InventoryID'. (207) (SQLExecDirectW)")
2026-06-25 15:21:04,371 [ERROR] [upsert] Gagal pada OSID=1017: ('42S22', "[42S22] [Microsoft][ODBC Driver 17 for SQL Server][SQL Server]Invalid column name 'InventoryID'. (207) (SQLExecDirectW)")
2026-06-25 15:21:04,372 [ERROR] [upsert] Gagal pada OSID=1018: ('42S22', "[42S22] [Microsoft][ODBC Driver 17 for SQL Server][SQL Server]Invalid column name 'InventoryID'. (207) (SQLExecDirectW)")
2026-06-25 15:21:04,373 [ERROR] [upsert] Gagal pada OSID=1019: ('42S22', "[42S22] [Microsoft][ODBC Driver 17 for SQL Server][SQL Server]Invalid column name 'InventoryID'. (207) (SQLExecDirectW)")
2026-06-25 15:21:04,374 [ERROR] [upsert] Gagal pada OSID=1020: ('42S22', "[42S22] [Microsoft][ODBC Driver 17 for SQL Server][SQL Server]Invalid column name 'InventoryID'. (207) (SQLExecDirectW)")
2026-06-25 15:21:04,374 [ERROR] [upsert] Gagal pada OSID=1021: ('42S22', "[42S22] [Microsoft][ODBC Driver 17 for SQL Server][SQL Server]Invalid column name 'InventoryID'. (207) (SQLExecDirectW)")
2026-06-25 15:21:04,375 [ERROR] [upsert] Gagal pada OSID=1022: ('42S22', "[42S22] [Microsoft][ODBC Driver 17 for SQL Server][SQL Server]Invalid column name 'InventoryID'. (207) (SQLExecDirectW)")
2026-06-25 15:21:04,376 [ERROR] [upsert] Gagal pada OSID=1023: ('42S22', "[42S22] [Microsoft][ODBC Driver 17 for SQL Server][SQL Server]Invalid column name 'InventoryID'. (207) (SQLExecDirectW)")
2026-06-25 15:21:04,377 [ERROR] [upsert] Gagal pada OSID=1024: ('42S22', "[42S22] [Microsoft][ODBC Driver 17 for SQL Server][SQL Server]Invalid column name 'InventoryID'. (207) (SQLExecDirectW)")
2026-06-25 15:21:04,377 [ERROR] [upsert] Gagal pada OSID=1025: ('42S22', "[42S22] [Microsoft][ODBC Driver 17 for SQL Server][SQL Server]Invalid column name 'InventoryID'. (207) (SQLExecDirectW)")
2026-06-25 15:21:04,378 [ERROR] [upsert] Gagal pada OSID=1026: ('42S22', "[42S22] [Microsoft][ODBC Driver 17 for SQL Server][SQL Server]Invalid column name 'InventoryID'. (207) (SQLExecDirectW)")
2026-06-25 15:21:04,379 [ERROR] [upsert] Gagal pada OSID=1027: ('42S22', "[42S22] [Microsoft][ODBC Driver 17 for SQL Server][SQL Server]Invalid column name 'InventoryID'. (207) (SQLExecDirectW)")
2026-06-25 15:21:04,380 [ERROR] [upsert] Gagal pada OSID=1028: ('42S22', "[42S22] [Microsoft][ODBC Driver 17 for SQL Server][SQL Server]Invalid column name 'InventoryID'. (207) (SQLExecDirectW)")
2026-06-25 15:21:04,380 [ERROR] [upsert] Gagal pada OSID=1029: ('42S22', "[42S22] [Microsoft][ODBC Driver 17 for SQL Server][SQL Server]Invalid column name 'InventoryID'. (207) (SQLExecDirectW)")
2026-06-25 15:21:04,381 [ERROR] [upsert] Gagal pada OSID=1030: ('42S22', "[42S22] [Microsoft][ODBC Driver 17 for SQL Server][SQL Server]Invalid column name 'InventoryID'. (207) (SQLExecDirectW)")
2026-06-25 15:21:04,382 [ERROR] [upsert] Gagal pada OSID=1031: ('42S22', "[42S22] [Microsoft][ODBC Driver 17 for SQL Server][SQL Server]Invalid column name 'InventoryID'. (207) (SQLExecDirectW)")
2026-06-25 15:21:04,383 [ERROR] [upsert] Gagal pada OSID=1032: ('42S22', "[42S22] [Microsoft][ODBC Driver 17 for SQL Server][SQL Server]Invalid column name 'InventoryID'. (207) (SQLExecDirectW)")
2026-06-25 15:21:04,383 [INFO] [upsert] Selesai. Diproses=0, Diskip=0, Error=33.
2026-06-25 15:21:04,384 [INFO] FINISH sync_operating_system — 2026-06-25 15:21:04.384179
2026-06-25 15:21:04,384 [INFO] ============================================================
2026-06-25 15:28:59,969 [INFO] ============================================================
2026-06-25 15:28:59,969 [INFO] START sync_operating_system — 2026-06-25 15:28:59.969948
2026-06-25 15:28:59,970 [INFO] ============================================================
2026-06-25 15:28:59,970 [INFO] Menghubungkan ke bcmdb sebagai sa...
2026-06-25 15:29:00,019 [INFO] Menghubungkan ke GRAFANADB sebagai sa...
2026-06-25 15:29:00,028 [INFO] [ensure_table] Tabel 'Atrium_CMDB_OperatingSystem' sudah tersedia di GRAFANADB.
2026-06-25 15:29:00,028 [INFO] [fetch] Query: SELECT ... FROM [bcmdbuser].[Atrium_CMDB_OperatingSystem]
2026-06-25 15:29:00,030 [INFO] [fetch] Berhasil membaca 33 baris dari bcmdb.bcmdbuser.Atrium_CMDB_OperatingSystem.
2026-06-25 15:29:00,170 [INFO] [upsert] Selesai. Diproses=33, Diskip=0, Error=0.
2026-06-25 15:29:00,171 [INFO] FINISH sync_operating_system — 2026-06-25 15:29:00.171952
2026-06-25 15:29:00,171 [INFO] ============================================================
2026-06-25 15:36:19,928 [INFO] ============================================================
2026-06-25 15:36:19,928 [INFO] START sync_operating_system — 2026-06-25 15:36:19.928715
2026-06-25 15:36:19,928 [INFO] ============================================================
2026-06-25 15:36:19,928 [INFO] Menghubungkan ke bcmdb sebagai sa...
2026-06-25 15:36:19,964 [INFO] Menghubungkan ke GRAFANADB sebagai sa...
2026-06-25 15:36:19,970 [INFO] [ensure_table] Tabel 'Atrium_CMDB_OperatingSystem' sudah tersedia di GRAFANADB.
2026-06-25 15:36:19,970 [INFO] [fetch] Query: SELECT ... FROM [bcmdbuser].[Atrium_CMDB_OperatingSystem]
2026-06-25 15:36:19,971 [INFO] [fetch] Berhasil membaca 33 baris dari bcmdb.bcmdbuser.Atrium_CMDB_OperatingSystem.
2026-06-25 15:36:19,992 [INFO] [upsert] Selesai. Diproses=33, Diskip=0, Error=0.
2026-06-25 15:36:19,993 [INFO] FINISH sync_operating_system — 2026-06-25 15:36:19.993718
2026-06-25 15:36:19,993 [INFO] ============================================================
2026-06-25 15:37:14,156 [INFO] ============================================================
2026-06-25 15:37:14,157 [INFO] START sync_operating_system — 2026-06-25 15:37:14.156979
2026-06-25 15:37:14,157 [INFO] ============================================================
2026-06-25 15:37:14,157 [INFO] Menghubungkan ke bcmdb sebagai sa...
2026-06-25 15:37:14,203 [INFO] Menghubungkan ke GRAFANADB sebagai sa...
2026-06-25 15:37:14,230 [INFO] [ensure_table] Tabel 'Atrium_CMDB_OperatingSystem' sudah tersedia di GRAFANADB.
2026-06-25 15:37:14,230 [INFO] [fetch] Query: SELECT ... FROM [bcmdbuser].[Atrium_CMDB_OperatingSystem]
2026-06-25 15:37:14,263 [INFO] [fetch] Berhasil membaca 33 baris dari bcmdb.bcmdbuser.Atrium_CMDB_OperatingSystem.
2026-06-25 15:37:14,322 [INFO] [upsert] Selesai. Diproses=33, Diskip=0, Error=0.
2026-06-25 15:37:14,323 [INFO] FINISH sync_operating_system — 2026-06-25 15:37:14.323982
2026-06-25 15:37:14,323 [INFO] ============================================================
