2026-06-25 15:21:04,125 [INFO] ============================================================
2026-06-25 15:21:04,125 [INFO] START sync_network_interface — 2026-06-25 15:21:04.125170
2026-06-25 15:21:04,125 [INFO] ============================================================
2026-06-25 15:21:04,125 [INFO] Menghubungkan ke bcmdb sebagai sa...
2026-06-25 15:21:04,163 [INFO] Menghubungkan ke GRAFANADB sebagai sa...
2026-06-25 15:21:04,181 [ERROR] [FATAL] Sync gagal: ('42000', "[42000] [Microsoft][ODBC Driver 17 for SQL Server][SQL Server]Cannot define PRIMARY KEY constraint on nullable column in table 'Atrium_CMDB_NetworkInterface'. (8111) (SQLExecDirectW); [42000] [Microsoft][ODBC Driver 17 for SQL Server][SQL Server]Could not create constraint or index. See previous errors. (1750)")
Traceback (most recent call last):
  File "E:\BCM\ETL\sync_network_interface.py", line 166, in main
    ensure_table_exists(dst_cur, SCHEMA["dest_table"])
  File "E:\BCM\ETL\sync_network_interface.py", line 72, in ensure_table_exists
    cursor.execute(ddl)
pyodbc.ProgrammingError: ('42000', "[42000] [Microsoft][ODBC Driver 17 for SQL Server][SQL Server]Cannot define PRIMARY KEY constraint on nullable column in table 'Atrium_CMDB_NetworkInterface'. (8111) (SQLExecDirectW); [42000] [Microsoft][ODBC Driver 17 for SQL Server][SQL Server]Could not create constraint or index. See previous errors. (1750)")
2026-06-25 15:28:59,826 [INFO] ============================================================
2026-06-25 15:28:59,827 [INFO] START sync_network_interface — 2026-06-25 15:28:59.826952
2026-06-25 15:28:59,827 [INFO] ============================================================
2026-06-25 15:28:59,827 [INFO] Menghubungkan ke bcmdb sebagai sa...
2026-06-25 15:28:59,861 [INFO] Menghubungkan ke GRAFANADB sebagai sa...
2026-06-25 15:28:59,877 [ERROR] [FATAL] Sync gagal: ('42000', "[42000] [Microsoft][ODBC Driver 17 for SQL Server][SQL Server]Cannot define PRIMARY KEY constraint on nullable column in table 'Atrium_CMDB_NetworkInterface'. (8111) (SQLExecDirectW); [42000] [Microsoft][ODBC Driver 17 for SQL Server][SQL Server]Could not create constraint or index. See previous errors. (1750)")
Traceback (most recent call last):
  File "E:\BCM\ETL\sync_network_interface.py", line 166, in main
    ensure_table_exists(dst_cur, SCHEMA["dest_table"])
  File "E:\BCM\ETL\sync_network_interface.py", line 72, in ensure_table_exists
    cursor.execute(ddl)
pyodbc.ProgrammingError: ('42000', "[42000] [Microsoft][ODBC Driver 17 for SQL Server][SQL Server]Cannot define PRIMARY KEY constraint on nullable column in table 'Atrium_CMDB_NetworkInterface'. (8111) (SQLExecDirectW); [42000] [Microsoft][ODBC Driver 17 for SQL Server][SQL Server]Could not create constraint or index. See previous errors. (1750)")
2026-06-25 15:36:19,649 [INFO] ============================================================
2026-06-25 15:36:19,649 [INFO] START sync_network_interface — 2026-06-25 15:36:19.649714
2026-06-25 15:36:19,649 [INFO] ============================================================
2026-06-25 15:36:19,649 [INFO] Menghubungkan ke bcmdb sebagai sa...
2026-06-25 15:36:19,686 [INFO] Menghubungkan ke GRAFANADB sebagai sa...
2026-06-25 15:36:19,711 [INFO] [ensure_table] Tabel 'Atrium_CMDB_NetworkInterface' sudah tersedia di GRAFANADB.
2026-06-25 15:36:19,711 [INFO] [fetch] Query: SELECT ... FROM [bcmdbuser].[Atrium_CMDB_NetworkInterface]
2026-06-25 15:36:19,724 [INFO] [fetch] Berhasil membaca 33 baris dari bcmdb.bcmdbuser.Atrium_CMDB_NetworkInterface.
2026-06-25 15:36:19,820 [INFO] [upsert] Selesai. Diproses=33, Error=0.
2026-06-25 15:36:19,821 [INFO] FINISH sync_network_interface — 2026-06-25 15:36:19.820715
2026-06-25 15:36:19,821 [INFO] ============================================================
2026-06-25 15:37:13,951 [INFO] ============================================================
2026-06-25 15:37:13,951 [INFO] START sync_network_interface — 2026-06-25 15:37:13.951982
2026-06-25 15:37:13,952 [INFO] ============================================================
2026-06-25 15:37:13,952 [INFO] Menghubungkan ke bcmdb sebagai sa...
2026-06-25 15:37:13,994 [INFO] Menghubungkan ke GRAFANADB sebagai sa...
2026-06-25 15:37:14,002 [INFO] [ensure_table] Tabel 'Atrium_CMDB_NetworkInterface' sudah tersedia di GRAFANADB.
2026-06-25 15:37:14,002 [INFO] [fetch] Query: SELECT ... FROM [bcmdbuser].[Atrium_CMDB_NetworkInterface]
2026-06-25 15:37:14,003 [INFO] [fetch] Berhasil membaca 33 baris dari bcmdb.bcmdbuser.Atrium_CMDB_NetworkInterface.
2026-06-25 15:37:14,015 [INFO] [upsert] Selesai. Diproses=33, Error=0.
2026-06-25 15:37:14,016 [INFO] FINISH sync_network_interface — 2026-06-25 15:37:14.016981
2026-06-25 15:37:14,016 [INFO] ============================================================
