2026-06-25 15:21:07,370 [INFO] ============================================================
2026-06-25 15:21:07,370 [INFO] START sync_software_rel (V_CMDB_SoftwareRel) -- 2026-06-25 15:21:07.370713
2026-06-25 15:21:07,370 [INFO] ============================================================
2026-06-25 15:21:07,370 [INFO] Menghubungkan ke bcmdb sebagai sa...
2026-06-25 15:21:07,406 [INFO] Menghubungkan ke GRAFANADB sebagai sa...
2026-06-25 15:21:07,423 [INFO] [ensure_table] Tabel 'V_CMDB_SoftwareRel' sudah tersedia di GRAFANADB.
2026-06-25 15:21:07,424 [INFO] [fetch] Query: SELECT ... FROM [bcmdbuser].[V_CMDB_SoftwareRel]
2026-06-25 15:21:07,442 [INFO] [fetch] Berhasil membaca 253 baris dari bcmdb.bcmdbuser.V_CMDB_SoftwareRel.
2026-06-25 15:21:07,444 [ERROR] [upsert] Gagal pada DeviceID=1000, Software=WinRT Intellisense UAP - Other Languages: ('42S22', "[42S22] [Microsoft][ODBC Driver 17 for SQL Server][SQL Server]Invalid column name 'Name'. (207) (SQLExecDirectW); [42S22] [Microsoft][ODBC Driver 17 for SQL Server][SQL Server]Statement(s) could not be prepared. (8180)")
2026-06-25 15:21:07,445 [ERROR] [upsert] Gagal pada DeviceID=1000, Software=vs_minshellx64msi: ('42S22', "[42S22] [Microsoft][ODBC Driver 17 for SQL Server][SQL Server]Invalid column name 'Name'. (207) (SQLExecDirectW)")
2026-06-25 15:21:07,446 [ERROR] [upsert] Gagal pada DeviceID=1011, Software=vs_minshellx64msi: ('42S22', "[42S22] [Microsoft][ODBC Driver 17 for SQL Server][SQL Server]Invalid column name 'Name'. (207) (SQLExecDirectW)")
2026-06-25 15:21:07,447 [ERROR] [upsert] Gagal pada DeviceID=1000, Software=Windows SDK for Windows Store Apps Contracts: ('42S22', "[42S22] [Microsoft][ODBC Driver 17 for SQL Server][SQL Server]Invalid column name 'Name'. (207) (SQLExecDirectW)")
2026-06-25 15:21:07,447 [ERROR] [upsert] Gagal pada DeviceID=1000, Software=Python 3.9.0 Executables (64-bit): ('42S22', "[42S22] [Microsoft][ODBC Driver 17 for SQL Server][SQL Server]Invalid column name 'Name'. (207) (SQLExecDirectW)")
2026-06-25 15:21:07,448 [ERROR] [upsert] Gagal pada DeviceID=1011, Software=Python 3.9.0 Executables (64-bit): ('42S22', "[42S22] [Microsoft][ODBC Driver 17 for SQL Server][SQL Server]Invalid column name 'Name'. (207) (SQLExecDirectW)")
2026-06-25 15:21:07,449 [ERROR] [upsert] Gagal pada DeviceID=1000, Software=Universal CRT Extension SDK: ('42S22', "[42S22] [Microsoft][ODBC Driver 17 for SQL Server][SQL Server]Invalid column name 'Name'. (207) (SQLExecDirectW)")
2026-06-25 15:21:07,450 [ERROR] [upsert] Gagal pada DeviceID=1000, Software=Microsoft SQL Server 2012 Native Client: ('42S22', "[42S22] [Microsoft][ODBC Driver 17 for SQL Server][SQL Server]Invalid column name 'Name'. (207) (SQLExecDirectW)")
2026-06-25 15:21:07,451 [ERROR] [upsert] Gagal pada DeviceID=1011, Software=Microsoft SQL Server 2012 Native Client: ('42S22', "[42S22] [Microsoft][ODBC Driver 17 for SQL Server][SQL Server]Invalid column name 'Name'. (207) (SQLExecDirectW)")
2026-06-25 15:21:07,451 [ERROR] [upsert] Gagal pada DeviceID=1000, Software=Windows Subsystem for Linux Update: ('42S22', "[42S22] [Microsoft][ODBC Driver 17 for SQL Server][SQL Server]Invalid column name 'Name'. (207) (SQLExecDirectW)")
2026-06-25 15:21:07,452 [ERROR] [upsert] Gagal pada DeviceID=1011, Software=Windows Subsystem for Linux Update: ('42S22', "[42S22] [Microsoft][ODBC Driver 17 for SQL Server][SQL Server]Invalid column name 'Name'. (207) (SQLExecDirectW)")
2026-06-25 15:21:07,453 [ERROR] [upsert] Gagal pada DeviceID=1000, Software=Microsoft SQL Server 2022 (64-bit): ('42S22', "[42S22] [Microsoft][ODBC Driver 17 for SQL Server][SQL Server]Invalid column name 'Name'. (207) (SQLExecDirectW)")
2026-06-25 15:21:07,453 [ERROR] [upsert] Gagal pada DeviceID=1011, Software=Microsoft SQL Server 2022 (64-bit): ('42S22', "[42S22] [Microsoft][ODBC Driver 17 for SQL Server][SQL Server]Invalid column name 'Name'. (207) (SQLExecDirectW)")
2026-06-25 15:21:07,454 [ERROR] [upsert] Gagal pada DeviceID=1000, Software=WinRT Intellisense Desktop - en-us: ('42S22', "[42S22] [Microsoft][ODBC Driver 17 for SQL Server][SQL Server]Invalid column name 'Name'. (207) (SQLExecDirectW)")
2026-06-25 15:21:07,455 [ERROR] [upsert] Gagal pada DeviceID=1000, Software=Microsoft Visual C++ 2022 X86 Minimum Runtime - 14.44.35211: ('42S22', "[42S22] [Microsoft][ODBC Driver 17 for SQL Server][SQL Server]Invalid column name 'Name'. (207) (SQLExecDirectW)")
2026-06-25 15:21:07,455 [ERROR] [upsert] Gagal pada DeviceID=1000, Software=MSI Development Tools: ('42S22', "[42S22] [Microsoft][ODBC Driver 17 for SQL Server][SQL Server]Invalid column name 'Name'. (207) (SQLExecDirectW)")
2026-06-25 15:21:07,456 [ERROR] [upsert] Gagal pada DeviceID=1000, Software=SQL Server 2022 Database Engine Services: ('42S22', "[42S22] [Microsoft][ODBC Driver 17 for SQL Server][SQL Server]Invalid column name 'Name'. (207) (SQLExecDirectW)")
2026-06-25 15:21:07,457 [ERROR] [upsert] Gagal pada DeviceID=1002, Software=SQL Server 2022 Database Engine Services: ('42S22', "[42S22] [Microsoft][ODBC Driver 17 for SQL Server][SQL Server]Invalid column name 'Name'. (207) (SQLExecDirectW)")
2026-06-25 15:21:07,458 [ERROR] [upsert] Gagal pada DeviceID=1011, Software=SQL Server 2022 Database Engine Services: ('42S22', "[42S22] [Microsoft][ODBC Driver 17 for SQL Server][SQL Server]Invalid column name 'Name'. (207) (SQLExecDirectW)")
2026-06-25 15:21:07,458 [ERROR] [upsert] Gagal pada DeviceID=1000, Software=Windows SDK Desktop Libs arm: ('42S22', "[42S22] [Microsoft][ODBC Driver 17 for SQL Server][SQL Server]Invalid column name 'Name'. (207) (SQLExecDirectW)")
2026-06-25 15:21:07,459 [ERROR] [upsert] Gagal pada DeviceID=1000, Software=Microsoft .NET Framework 4 Multi-Targeting Pack: ('42S22', "[42S22] [Microsoft][ODBC Driver 17 for SQL Server][SQL Server]Invalid column name 'Name'. (207) (SQLExecDirectW)")
2026-06-25 15:21:07,460 [ERROR] [upsert] Gagal pada DeviceID=1000, Software=Microsoft Visual C++ 2015-2022 Redistributable (x86) - 14.44.35211: ('42S22', "[42S22] [Microsoft][ODBC Driver 17 for SQL Server][SQL Server]Invalid column name 'Name'. (207) (SQLExecDirectW)")
2026-06-25 15:21:07,460 [ERROR] [upsert] Gagal pada DeviceID=1000, Software=VS Script Debugging Common: ('42S22', "[42S22] [Microsoft][ODBC Driver 17 for SQL Server][SQL Server]Invalid column name 'Name'. (207) (SQLExecDirectW)")
2026-06-25 15:21:07,461 [ERROR] [upsert] Gagal pada DeviceID=1011, Software=VS Script Debugging Common: ('42S22', "[42S22] [Microsoft][ODBC Driver 17 for SQL Server][SQL Server]Invalid column name 'Name'. (207) (SQLExecDirectW)")
2026-06-25 15:21:07,462 [ERROR] [upsert] Gagal pada DeviceID=1000, Software=Python 3.9.0 Add to Path (64-bit): ('42S22', "[42S22] [Microsoft][ODBC Driver 17 for SQL Server][SQL Server]Invalid column name 'Name'. (207) (SQLExecDirectW)")
2026-06-25 15:21:07,462 [ERROR] [upsert] Gagal pada DeviceID=1011, Software=Python 3.9.0 Add to Path (64-bit): ('42S22', "[42S22] [Microsoft][ODBC Driver 17 for SQL Server][SQL Server]Invalid column name 'Name'. (207) (SQLExecDirectW)")
2026-06-25 15:21:07,463 [ERROR] [upsert] Gagal pada DeviceID=1000, Software=Windows Desktop Extension SDK: ('42S22', "[42S22] [Microsoft][ODBC Driver 17 for SQL Server][SQL Server]Invalid column name 'Name'. (207) (SQLExecDirectW)")
2026-06-25 15:21:07,464 [ERROR] [upsert] Gagal pada DeviceID=1000, Software=vs_minshellsharedmsi: ('42S22', "[42S22] [Microsoft][ODBC Driver 17 for SQL Server][SQL Server]Invalid column name 'Name'. (207) (SQLExecDirectW)")
2026-06-25 15:21:07,464 [ERROR] [upsert] Gagal pada DeviceID=1000, Software=Windows IoT Extension SDK: ('42S22', "[42S22] [Microsoft][ODBC Driver 17 for SQL Server][SQL Server]Invalid column name 'Name'. (207) (SQLExecDirectW)")
2026-06-25 15:21:07,465 [ERROR] [upsert] Gagal pada DeviceID=1000, Software=Python 3.14.2 Core Interpreter (64-bit): ('42S22', "[42S22] [Microsoft][ODBC Driver 17 for SQL Server][SQL Server]Invalid column name 'Name'. (207) (SQLExecDirectW)")
2026-06-25 15:21:07,466 [ERROR] [upsert] Gagal pada DeviceID=1011, Software=Python 3.14.2 Core Interpreter (64-bit): ('42S22', "[42S22] [Microsoft][ODBC Driver 17 for SQL Server][SQL Server]Invalid column name 'Name'. (207) (SQLExecDirectW)")
2026-06-25 15:21:07,466 [ERROR] [upsert] Gagal pada DeviceID=1000, Software=vs_minshellinteropsharedmsi: ('42S22', "[42S22] [Microsoft][ODBC Driver 17 for SQL Server][SQL Server]Invalid column name 'Name'. (207) (SQLExecDirectW)")
2026-06-25 15:21:07,467 [ERROR] [upsert] Gagal pada DeviceID=1000, Software=SQL Server 2022 Database Engine Shared: ('42S22', "[42S22] [Microsoft][ODBC Driver 17 for SQL Server][SQL Server]Invalid column name 'Name'. (207) (SQLExecDirectW)")
2026-06-25 15:21:07,468 [ERROR] [upsert] Gagal pada DeviceID=1002, Software=SQL Server 2022 Database Engine Shared: ('42S22', "[42S22] [Microsoft][ODBC Driver 17 for SQL Server][SQL Server]Invalid column name 'Name'. (207) (SQLExecDirectW)")
2026-06-25 15:21:07,469 [ERROR] [upsert] Gagal pada DeviceID=1011, Software=SQL Server 2022 Database Engine Shared: ('42S22', "[42S22] [Microsoft][ODBC Driver 17 for SQL Server][SQL Server]Invalid column name 'Name'. (207) (SQLExecDirectW)")
2026-06-25 15:21:07,469 [ERROR] [upsert] Gagal pada DeviceID=1000, Software=Windows App Certification Kit SupportedApiList x86: ('42S22', "[42S22] [Microsoft][ODBC Driver 17 for SQL Server][SQL Server]Invalid column name 'Name'. (207) (SQLExecDirectW)")
2026-06-25 15:21:07,470 [ERROR] [upsert] Gagal pada DeviceID=1000, Software=Microsoft Visual C++ 2019 X64 Debug Runtime - 14.29.30157: ('42S22', "[42S22] [Microsoft][ODBC Driver 17 for SQL Server][SQL Server]Invalid column name 'Name'. (207) (SQLExecDirectW)")
2026-06-25 15:21:07,471 [ERROR] [upsert] Gagal pada DeviceID=1011, Software=Microsoft Visual C++ 2019 X64 Debug Runtime - 14.29.30157: ('42S22', "[42S22] [Microsoft][ODBC Driver 17 for SQL Server][SQL Server]Invalid column name 'Name'. (207) (SQLExecDirectW)")
2026-06-25 15:21:07,471 [ERROR] [upsert] Gagal pada DeviceID=1000, Software=Windows Desktop Extension SDK Contracts: ('42S22', "[42S22] [Microsoft][ODBC Driver 17 for SQL Server][SQL Server]Invalid column name 'Name'. (207) (SQLExecDirectW)")
2026-06-25 15:21:07,472 [ERROR] [upsert] Gagal pada DeviceID=1000, Software=WinRT Intellisense IoT - en-us: ('42S22', "[42S22] [Microsoft][ODBC Driver 17 for SQL Server][SQL Server]Invalid column name 'Name'. (207) (SQLExecDirectW)")
2026-06-25 15:21:07,473 [ERROR] [upsert] Gagal pada DeviceID=1000, Software=Microsoft Build of OpenJDK with Hotspot 11.0.21+9 (x64): ('42S22', "[42S22] [Microsoft][ODBC Driver 17 for SQL Server][SQL Server]Invalid column name 'Name'. (207) (SQLExecDirectW)")
2026-06-25 15:21:07,473 [ERROR] [upsert] Gagal pada DeviceID=1002, Software=Microsoft Build of OpenJDK with Hotspot 11.0.21+9 (x64): ('42S22', "[42S22] [Microsoft][ODBC Driver 17 for SQL Server][SQL Server]Invalid column name 'Name'. (207) (SQLExecDirectW)")
2026-06-25 15:21:07,474 [ERROR] [upsert] Gagal pada DeviceID=1011, Software=Microsoft Build of OpenJDK with Hotspot 11.0.21+9 (x64): ('42S22', "[42S22] [Microsoft][ODBC Driver 17 for SQL Server][SQL Server]Invalid column name 'Name'. (207) (SQLExecDirectW)")
2026-06-25 15:21:07,475 [ERROR] [upsert] Gagal pada DeviceID=1000, Software=Microsoft Visual C++ 2022 X86 Additional Runtime - 14.44.35211: ('42S22', "[42S22] [Microsoft][ODBC Driver 17 for SQL Server][SQL Server]Invalid column name 'Name'. (207) (SQLExecDirectW)")
2026-06-25 15:21:07,477 [ERROR] [upsert] Gagal pada DeviceID=1000, Software=vs_minshellmsires: ('42S22', "[42S22] [Microsoft][ODBC Driver 17 for SQL Server][SQL Server]Invalid column name 'Name'. (207) (SQLExecDirectW)")
2026-06-25 15:21:07,477 [ERROR] [upsert] Gagal pada DeviceID=1000, Software=Update for (KB2504637): ('42S22', "[42S22] [Microsoft][ODBC Driver 17 for SQL Server][SQL Server]Invalid column name 'Name'. (207) (SQLExecDirectW)")
2026-06-25 15:21:07,478 [ERROR] [upsert] Gagal pada DeviceID=1000, Software=Windows App Certification Kit Native Components: ('42S22', "[42S22] [Microsoft][ODBC Driver 17 for SQL Server][SQL Server]Invalid column name 'Name'. (207) (SQLExecDirectW)")
2026-06-25 15:21:07,479 [ERROR] [upsert] Gagal pada DeviceID=1011, Software=Windows App Certification Kit Native Components: ('42S22', "[42S22] [Microsoft][ODBC Driver 17 for SQL Server][SQL Server]Invalid column name 'Name'. (207) (SQLExecDirectW)")
2026-06-25 15:21:07,479 [ERROR] [upsert] Gagal pada DeviceID=1000, Software=Windows SDK Redistributables: ('42S22', "[42S22] [Microsoft][ODBC Driver 17 for SQL Server][SQL Server]Invalid column name 'Name'. (207) (SQLExecDirectW)")
2026-06-25 15:21:07,480 [ERROR] [upsert] Gagal pada DeviceID=1000, Software=SQL Server 2022 Connection Info: ('42S22', "[42S22] [Microsoft][ODBC Driver 17 for SQL Server][SQL Server]Invalid column name 'Name'. (207) (SQLExecDirectW)")
2026-06-25 15:21:07,481 [ERROR] [upsert] Gagal pada DeviceID=1002, Software=SQL Server 2022 Connection Info: ('42S22', "[42S22] [Microsoft][ODBC Driver 17 for SQL Server][SQL Server]Invalid column name 'Name'. (207) (SQLExecDirectW)")
2026-06-25 15:21:07,482 [ERROR] [upsert] Gagal pada DeviceID=1011, Software=SQL Server 2022 Connection Info: ('42S22', "[42S22] [Microsoft][ODBC Driver 17 for SQL Server][SQL Server]Invalid column name 'Name'. (207) (SQLExecDirectW)")
2026-06-25 15:21:07,482 [ERROR] [upsert] Gagal pada DeviceID=1000, Software=Node.js: ('42S22', "[42S22] [Microsoft][ODBC Driver 17 for SQL Server][SQL Server]Invalid column name 'Name'. (207) (SQLExecDirectW)")
2026-06-25 15:21:07,483 [ERROR] [upsert] Gagal pada DeviceID=1002, Software=Node.js: ('42S22', "[42S22] [Microsoft][ODBC Driver 17 for SQL Server][SQL Server]Invalid column name 'Name'. (207) (SQLExecDirectW)")
2026-06-25 15:21:07,484 [ERROR] [upsert] Gagal pada DeviceID=1011, Software=Node.js: ('42S22', "[42S22] [Microsoft][ODBC Driver 17 for SQL Server][SQL Server]Invalid column name 'Name'. (207) (SQLExecDirectW)")
2026-06-25 15:21:07,484 [ERROR] [upsert] Gagal pada DeviceID=1000, Software=vs_minshellinteropmsi: ('42S22', "[42S22] [Microsoft][ODBC Driver 17 for SQL Server][SQL Server]Invalid column name 'Name'. (207) (SQLExecDirectW)")
2026-06-25 15:21:07,485 [ERROR] [upsert] Gagal pada DeviceID=1000, Software=Python Launcher: ('42S22', "[42S22] [Microsoft][ODBC Driver 17 for SQL Server][SQL Server]Invalid column name 'Name'. (207) (SQLExecDirectW)")
2026-06-25 15:21:07,486 [ERROR] [upsert] Gagal pada DeviceID=1000, Software=Windows SDK Desktop Headers x86: ('42S22', "[42S22] [Microsoft][ODBC Driver 17 for SQL Server][SQL Server]Invalid column name 'Name'. (207) (SQLExecDirectW)")
2026-06-25 15:21:07,486 [ERROR] [upsert] Gagal pada DeviceID=1000, Software=Application Verifier x64 External Package: ('42S22', "[42S22] [Microsoft][ODBC Driver 17 for SQL Server][SQL Server]Invalid column name 'Name'. (207) (SQLExecDirectW)")
2026-06-25 15:21:07,487 [ERROR] [upsert] Gagal pada DeviceID=1011, Software=Application Verifier x64 External Package: ('42S22', "[42S22] [Microsoft][ODBC Driver 17 for SQL Server][SQL Server]Invalid column name 'Name'. (207) (SQLExecDirectW)")
2026-06-25 15:21:07,488 [ERROR] [upsert] Gagal pada DeviceID=1000, Software=Windows SDK for Windows Store Apps Libs: ('42S22', "[42S22] [Microsoft][ODBC Driver 17 for SQL Server][SQL Server]Invalid column name 'Name'. (207) (SQLExecDirectW)")
2026-06-25 15:21:07,488 [ERROR] [upsert] Gagal pada DeviceID=1000, Software=Python 3.9.0 Test Suite (64-bit): ('42S22', "[42S22] [Microsoft][ODBC Driver 17 for SQL Server][SQL Server]Invalid column name 'Name'. (207) (SQLExecDirectW)")
2026-06-25 15:21:07,489 [ERROR] [upsert] Gagal pada DeviceID=1011, Software=Python 3.9.0 Test Suite (64-bit): ('42S22', "[42S22] [Microsoft][ODBC Driver 17 for SQL Server][SQL Server]Invalid column name 'Name'. (207) (SQLExecDirectW)")
2026-06-25 15:21:07,490 [ERROR] [upsert] Gagal pada DeviceID=1000, Software=vs_communityx64msi: ('42S22', "[42S22] [Microsoft][ODBC Driver 17 for SQL Server][SQL Server]Invalid column name 'Name'. (207) (SQLExecDirectW)")
2026-06-25 15:21:07,491 [ERROR] [upsert] Gagal pada DeviceID=1011, Software=vs_communityx64msi: ('42S22', "[42S22] [Microsoft][ODBC Driver 17 for SQL Server][SQL Server]Invalid column name 'Name'. (207) (SQLExecDirectW)")
2026-06-25 15:21:07,491 [ERROR] [upsert] Gagal pada DeviceID=1000, Software=Windows SDK Desktop Libs arm64: ('42S22', "[42S22] [Microsoft][ODBC Driver 17 for SQL Server][SQL Server]Invalid column name 'Name'. (207) (SQLExecDirectW)")
2026-06-25 15:21:07,492 [ERROR] [upsert] Gagal pada DeviceID=1000, Software=SQL Server 2022 DMF: ('42S22', "[42S22] [Microsoft][ODBC Driver 17 for SQL Server][SQL Server]Invalid column name 'Name'. (207) (SQLExecDirectW)")
2026-06-25 15:21:07,493 [ERROR] [upsert] Gagal pada DeviceID=1002, Software=SQL Server 2022 DMF: ('42S22', "[42S22] [Microsoft][ODBC Driver 17 for SQL Server][SQL Server]Invalid column name 'Name'. (207) (SQLExecDirectW)")
2026-06-25 15:21:07,493 [ERROR] [upsert] Gagal pada DeviceID=1011, Software=SQL Server 2022 DMF: ('42S22', "[42S22] [Microsoft][ODBC Driver 17 for SQL Server][SQL Server]Invalid column name 'Name'. (207) (SQLExecDirectW)")
2026-06-25 15:21:07,494 [ERROR] [upsert] Gagal pada DeviceID=1000, Software=Python 3.14.2 Add to Path (64-bit): ('42S22', "[42S22] [Microsoft][ODBC Driver 17 for SQL Server][SQL Server]Invalid column name 'Name'. (207) (SQLExecDirectW)")
2026-06-25 15:21:07,495 [ERROR] [upsert] Gagal pada DeviceID=1011, Software=Python 3.14.2 Add to Path (64-bit): ('42S22', "[42S22] [Microsoft][ODBC Driver 17 for SQL Server][SQL Server]Invalid column name 'Name'. (207) (SQLExecDirectW)")
2026-06-25 15:21:07,495 [ERROR] [upsert] Gagal pada DeviceID=1000, Software=Windows SDK DirectX x64 Remote: ('42S22', "[42S22] [Microsoft][ODBC Driver 17 for SQL Server][SQL Server]Invalid column name 'Name'. (207) (SQLExecDirectW)")
2026-06-25 15:21:07,496 [ERROR] [upsert] Gagal pada DeviceID=1011, Software=Windows SDK DirectX x64 Remote: ('42S22', "[42S22] [Microsoft][ODBC Driver 17 for SQL Server][SQL Server]Invalid column name 'Name'. (207) (SQLExecDirectW)")
2026-06-25 15:21:07,497 [ERROR] [upsert] Gagal pada DeviceID=1000, Software=Windows Team Extension SDK: ('42S22', "[42S22] [Microsoft][ODBC Driver 17 for SQL Server][SQL Server]Invalid column name 'Name'. (207) (SQLExecDirectW)")
2026-06-25 15:21:07,497 [ERROR] [upsert] Gagal pada DeviceID=1000, Software=Windows Software Development Kit - Windows 10.0.19041.5609: ('42S22', "[42S22] [Microsoft][ODBC Driver 17 for SQL Server][SQL Server]Invalid column name 'Name'. (207) (SQLExecDirectW)")
2026-06-25 15:21:07,498 [ERROR] [upsert] Gagal pada DeviceID=1000, Software=SQL Server 2022 Batch Parser: ('42S22', "[42S22] [Microsoft][ODBC Driver 17 for SQL Server][SQL Server]Invalid column name 'Name'. (207) (SQLExecDirectW)")
2026-06-25 15:21:07,499 [ERROR] [upsert] Gagal pada DeviceID=1002, Software=SQL Server 2022 Batch Parser: ('42S22', "[42S22] [Microsoft][ODBC Driver 17 for SQL Server][SQL Server]Invalid column name 'Name'. (207) (SQLExecDirectW)")
2026-06-25 15:21:07,499 [ERROR] [upsert] Gagal pada DeviceID=1011, Software=SQL Server 2022 Batch Parser: ('42S22', "[42S22] [Microsoft][ODBC Driver 17 for SQL Server][SQL Server]Invalid column name 'Name'. (207) (SQLExecDirectW)")
2026-06-25 15:21:07,500 [ERROR] [upsert] Gagal pada DeviceID=1000, Software=vs_minshellmsi: ('42S22', "[42S22] [Microsoft][ODBC Driver 17 for SQL Server][SQL Server]Invalid column name 'Name'. (207) (SQLExecDirectW)")
2026-06-25 15:21:07,501 [ERROR] [upsert] Gagal pada DeviceID=1000, Software=WinRT Intellisense Mobile - en-us: ('42S22', "[42S22] [Microsoft][ODBC Driver 17 for SQL Server][SQL Server]Invalid column name 'Name'. (207) (SQLExecDirectW)")
2026-06-25 15:21:07,501 [ERROR] [upsert] Gagal pada DeviceID=1000, Software=SQL Server 2022 Shared Management Objects Extensions: ('42S22', "[42S22] [Microsoft][ODBC Driver 17 for SQL Server][SQL Server]Invalid column name 'Name'. (207) (SQLExecDirectW)")
2026-06-25 15:21:07,502 [ERROR] [upsert] Gagal pada DeviceID=1002, Software=SQL Server 2022 Shared Management Objects Extensions: ('42S22', "[42S22] [Microsoft][ODBC Driver 17 for SQL Server][SQL Server]Invalid column name 'Name'. (207) (SQLExecDirectW)")
2026-06-25 15:21:07,503 [ERROR] [upsert] Gagal pada DeviceID=1011, Software=SQL Server 2022 Shared Management Objects Extensions: ('42S22', "[42S22] [Microsoft][ODBC Driver 17 for SQL Server][SQL Server]Invalid column name 'Name'. (207) (SQLExecDirectW)")
2026-06-25 15:21:07,504 [ERROR] [upsert] Gagal pada DeviceID=1000, Software=Visual Studio Build Tools 2019: ('42S22', "[42S22] [Microsoft][ODBC Driver 17 for SQL Server][SQL Server]Invalid column name 'Name'. (207) (SQLExecDirectW)")
2026-06-25 15:21:07,504 [ERROR] [upsert] Gagal pada DeviceID=1000, Software=vcpp_crt.redist.clickonce: ('42S22', "[42S22] [Microsoft][ODBC Driver 17 for SQL Server][SQL Server]Invalid column name 'Name'. (207) (SQLExecDirectW)")
2026-06-25 15:21:07,505 [ERROR] [upsert] Gagal pada DeviceID=1000, Software=Microsoft .NET Runtime - 8.0.15 (x64): ('42S22', "[42S22] [Microsoft][ODBC Driver 17 for SQL Server][SQL Server]Invalid column name 'Name'. (207) (SQLExecDirectW)")
2026-06-25 15:21:07,506 [ERROR] [upsert] Gagal pada DeviceID=1011, Software=Microsoft .NET Runtime - 8.0.15 (x64): ('42S22', "[42S22] [Microsoft][ODBC Driver 17 for SQL Server][SQL Server]Invalid column name 'Name'. (207) (SQLExecDirectW)")
2026-06-25 15:21:07,506 [ERROR] [upsert] Gagal pada DeviceID=1000, Software=Windows Mobile Extension SDK Contracts: ('42S22', "[42S22] [Microsoft][ODBC Driver 17 for SQL Server][SQL Server]Invalid column name 'Name'. (207) (SQLExecDirectW)")
2026-06-25 15:21:07,507 [ERROR] [upsert] Gagal pada DeviceID=1000, Software=vs_communitymsires: ('42S22', "[42S22] [Microsoft][ODBC Driver 17 for SQL Server][SQL Server]Invalid column name 'Name'. (207) (SQLExecDirectW)")
2026-06-25 15:21:07,508 [ERROR] [upsert] Gagal pada DeviceID=1000, Software=Windows SDK EULA: ('42S22', "[42S22] [Microsoft][ODBC Driver 17 for SQL Server][SQL Server]Invalid column name 'Name'. (207) (SQLExecDirectW)")
2026-06-25 15:21:07,508 [ERROR] [upsert] Gagal pada DeviceID=1000, Software=Windows App Certification Kit x64: ('42S22', "[42S22] [Microsoft][ODBC Driver 17 for SQL Server][SQL Server]Invalid column name 'Name'. (207) (SQLExecDirectW)")
2026-06-25 15:21:07,509 [ERROR] [upsert] Gagal pada DeviceID=1000, Software=Microsoft ODBC Driver 17 for SQL Server: ('42S22', "[42S22] [Microsoft][ODBC Driver 17 for SQL Server][SQL Server]Invalid column name 'Name'. (207) (SQLExecDirectW)")
2026-06-25 15:21:07,510 [ERROR] [upsert] Gagal pada DeviceID=1011, Software=Microsoft ODBC Driver 17 for SQL Server: ('42S22', "[42S22] [Microsoft][ODBC Driver 17 for SQL Server][SQL Server]Invalid column name 'Name'. (207) (SQLExecDirectW)")
2026-06-25 15:21:07,510 [ERROR] [upsert] Gagal pada DeviceID=1000, Software=Python 3.9.0 Standard Library (64-bit): ('42S22', "[42S22] [Microsoft][ODBC Driver 17 for SQL Server][SQL Server]Invalid column name 'Name'. (207) (SQLExecDirectW)")
2026-06-25 15:21:07,511 [ERROR] [upsert] Gagal pada DeviceID=1011, Software=Python 3.9.0 Standard Library (64-bit): ('42S22', "[42S22] [Microsoft][ODBC Driver 17 for SQL Server][SQL Server]Invalid column name 'Name'. (207) (SQLExecDirectW)")
2026-06-25 15:21:07,512 [ERROR] [upsert] Gagal pada DeviceID=1000, Software=Universal CRT Headers Libraries and Sources: ('42S22', "[42S22] [Microsoft][ODBC Driver 17 for SQL Server][SQL Server]Invalid column name 'Name'. (207) (SQLExecDirectW)")
2026-06-25 15:21:07,512 [ERROR] [upsert] Gagal pada DeviceID=1000, Software=Windows SDK Desktop Headers arm64: ('42S22', "[42S22] [Microsoft][ODBC Driver 17 for SQL Server][SQL Server]Invalid column name 'Name'. (207) (SQLExecDirectW)")
2026-06-25 15:21:07,513 [ERROR] [upsert] Gagal pada DeviceID=1000, Software=Universal CRT Tools x64: ('42S22', "[42S22] [Microsoft][ODBC Driver 17 for SQL Server][SQL Server]Invalid column name 'Name'. (207) (SQLExecDirectW)")
2026-06-25 15:21:07,514 [ERROR] [upsert] Gagal pada DeviceID=1011, Software=Universal CRT Tools x64: ('42S22', "[42S22] [Microsoft][ODBC Driver 17 for SQL Server][SQL Server]Invalid column name 'Name'. (207) (SQLExecDirectW)")
2026-06-25 15:21:07,514 [ERROR] [upsert] Gagal pada DeviceID=1000, Software=Python 3.9.0 Tcl/Tk Support (64-bit): ('42S22', "[42S22] [Microsoft][ODBC Driver 17 for SQL Server][SQL Server]Invalid column name 'Name'. (207) (SQLExecDirectW)")
2026-06-25 15:21:07,515 [ERROR] [upsert] Gagal pada DeviceID=1011, Software=Python 3.9.0 Tcl/Tk Support (64-bit): ('42S22', "[42S22] [Microsoft][ODBC Driver 17 for SQL Server][SQL Server]Invalid column name 'Name'. (207) (SQLExecDirectW)")
2026-06-25 15:21:07,516 [ERROR] [upsert] Gagal pada DeviceID=1000, Software=vs_communitysharedmsi: ('42S22', "[42S22] [Microsoft][ODBC Driver 17 for SQL Server][SQL Server]Invalid column name 'Name'. (207) (SQLExecDirectW)")
2026-06-25 15:21:07,516 [ERROR] [upsert] Gagal pada DeviceID=1000, Software=Python 3.14.2 pip Bootstrap (64-bit): ('42S22', "[42S22] [Microsoft][ODBC Driver 17 for SQL Server][SQL Server]Invalid column name 'Name'. (207) (SQLExecDirectW)")
2026-06-25 15:21:07,517 [ERROR] [upsert] Gagal pada DeviceID=1011, Software=Python 3.14.2 pip Bootstrap (64-bit): ('42S22', "[42S22] [Microsoft][ODBC Driver 17 for SQL Server][SQL Server]Invalid column name 'Name'. (207) (SQLExecDirectW)")
2026-06-25 15:21:07,518 [ERROR] [upsert] Gagal pada DeviceID=1000, Software=Windows Mobile Extension SDK: ('42S22', "[42S22] [Microsoft][ODBC Driver 17 for SQL Server][SQL Server]Invalid column name 'Name'. (207) (SQLExecDirectW)")
2026-06-25 15:21:07,518 [ERROR] [upsert] Gagal pada DeviceID=1000, Software=Microsoft SQL Server 2022 RsFx Driver: ('42S22', "[42S22] [Microsoft][ODBC Driver 17 for SQL Server][SQL Server]Invalid column name 'Name'. (207) (SQLExecDirectW)")
2026-06-25 15:21:07,519 [ERROR] [upsert] Gagal pada DeviceID=1002, Software=Microsoft SQL Server 2022 RsFx Driver: ('42S22', "[42S22] [Microsoft][ODBC Driver 17 for SQL Server][SQL Server]Invalid column name 'Name'. (207) (SQLExecDirectW)")
2026-06-25 15:21:07,520 [ERROR] [upsert] Gagal pada DeviceID=1011, Software=Microsoft SQL Server 2022 RsFx Driver: ('42S22', "[42S22] [Microsoft][ODBC Driver 17 for SQL Server][SQL Server]Invalid column name 'Name'. (207) (SQLExecDirectW)")
2026-06-25 15:21:07,520 [ERROR] [upsert] Gagal pada DeviceID=1000, Software=Universal General MIDI DLS Extension SDK: ('42S22', "[42S22] [Microsoft][ODBC Driver 17 for SQL Server][SQL Server]Invalid column name 'Name'. (207) (SQLExecDirectW)")
2026-06-25 15:21:07,521 [ERROR] [upsert] Gagal pada DeviceID=1000, Software=Windows SDK Desktop Tools arm64: ('42S22', "[42S22] [Microsoft][ODBC Driver 17 for SQL Server][SQL Server]Invalid column name 'Name'. (207) (SQLExecDirectW)")
2026-06-25 15:21:07,522 [ERROR] [upsert] Gagal pada DeviceID=1000, Software=Windows SDK DirectX x86 Remote: ('42S22', "[42S22] [Microsoft][ODBC Driver 17 for SQL Server][SQL Server]Invalid column name 'Name'. (207) (SQLExecDirectW)")
2026-06-25 15:21:07,522 [ERROR] [upsert] Gagal pada DeviceID=1000, Software=Windows SDK for Windows Store Apps Headers: ('42S22', "[42S22] [Microsoft][ODBC Driver 17 for SQL Server][SQL Server]Invalid column name 'Name'. (207) (SQLExecDirectW)")
2026-06-25 15:21:07,523 [ERROR] [upsert] Gagal pada DeviceID=1000, Software=Python 3.14.2 Tcl/Tk Support (64-bit): ('42S22', "[42S22] [Microsoft][ODBC Driver 17 for SQL Server][SQL Server]Invalid column name 'Name'. (207) (SQLExecDirectW)")
2026-06-25 15:21:07,524 [ERROR] [upsert] Gagal pada DeviceID=1011, Software=Python 3.14.2 Tcl/Tk Support (64-bit): ('42S22', "[42S22] [Microsoft][ODBC Driver 17 for SQL Server][SQL Server]Invalid column name 'Name'. (207) (SQLExecDirectW)")
2026-06-25 15:21:07,524 [ERROR] [upsert] Gagal pada DeviceID=1000, Software=SDK ARM Redistributables: ('42S22', "[42S22] [Microsoft][ODBC Driver 17 for SQL Server][SQL Server]Invalid column name 'Name'. (207) (SQLExecDirectW)")
2026-06-25 15:21:07,525 [ERROR] [upsert] Gagal pada DeviceID=1000, Software=Windows SDK Desktop Tools x64: ('42S22', "[42S22] [Microsoft][ODBC Driver 17 for SQL Server][SQL Server]Invalid column name 'Name'. (207) (SQLExecDirectW)")
2026-06-25 15:21:07,526 [ERROR] [upsert] Gagal pada DeviceID=1000, Software=Python 3.14.2 Development Libraries (64-bit): ('42S22', "[42S22] [Microsoft][ODBC Driver 17 for SQL Server][SQL Server]Invalid column name 'Name'. (207) (SQLExecDirectW)")
2026-06-25 15:21:07,526 [ERROR] [upsert] Gagal pada DeviceID=1011, Software=Python 3.14.2 Development Libraries (64-bit): ('42S22', "[42S22] [Microsoft][ODBC Driver 17 for SQL Server][SQL Server]Invalid column name 'Name'. (207) (SQLExecDirectW)")
2026-06-25 15:21:07,527 [ERROR] [upsert] Gagal pada DeviceID=1000, Software=Python 3.9.0 Development Libraries (64-bit): ('42S22', "[42S22] [Microsoft][ODBC Driver 17 for SQL Server][SQL Server]Invalid column name 'Name'. (207) (SQLExecDirectW)")
2026-06-25 15:21:07,528 [ERROR] [upsert] Gagal pada DeviceID=1011, Software=Python 3.9.0 Development Libraries (64-bit): ('42S22', "[42S22] [Microsoft][ODBC Driver 17 for SQL Server][SQL Server]Invalid column name 'Name'. (207) (SQLExecDirectW)")
2026-06-25 15:21:07,528 [ERROR] [upsert] Gagal pada DeviceID=1000, Software=WinRT Intellisense PPI - en-us: ('42S22', "[42S22] [Microsoft][ODBC Driver 17 for SQL Server][SQL Server]Invalid column name 'Name'. (207) (SQLExecDirectW)")
2026-06-25 15:21:07,529 [ERROR] [upsert] Gagal pada DeviceID=1000, Software=WinRT Intellisense Desktop - Other Languages: ('42S22', "[42S22] [Microsoft][ODBC Driver 17 for SQL Server][SQL Server]Invalid column name 'Name'. (207) (SQLExecDirectW)")
2026-06-25 15:21:07,530 [ERROR] [upsert] Gagal pada DeviceID=1000, Software=vs_githubprotocolhandlermsi: ('42S22', "[42S22] [Microsoft][ODBC Driver 17 for SQL Server][SQL Server]Invalid column name 'Name'. (207) (SQLExecDirectW)")
2026-06-25 15:21:07,530 [ERROR] [upsert] Gagal pada DeviceID=1000, Software=Windows SDK AddOn: ('42S22', "[42S22] [Microsoft][ODBC Driver 17 for SQL Server][SQL Server]Invalid column name 'Name'. (207) (SQLExecDirectW)")
2026-06-25 15:21:07,531 [ERROR] [upsert] Gagal pada DeviceID=1000, Software=Windows SDK: ('42S22', "[42S22] [Microsoft][ODBC Driver 17 for SQL Server][SQL Server]Invalid column name 'Name'. (207) (SQLExecDirectW)")
2026-06-25 15:21:07,532 [ERROR] [upsert] Gagal pada DeviceID=1000, Software=Python 3.14.2 Test Suite (64-bit): ('42S22', "[42S22] [Microsoft][ODBC Driver 17 for SQL Server][SQL Server]Invalid column name 'Name'. (207) (SQLExecDirectW)")
2026-06-25 15:21:07,532 [ERROR] [upsert] Gagal pada DeviceID=1011, Software=Python 3.14.2 Test Suite (64-bit): ('42S22', "[42S22] [Microsoft][ODBC Driver 17 for SQL Server][SQL Server]Invalid column name 'Name'. (207) (SQLExecDirectW)")
2026-06-25 15:21:07,533 [ERROR] [upsert] Gagal pada DeviceID=1000, Software=Git: ('42S22', "[42S22] [Microsoft][ODBC Driver 17 for SQL Server][SQL Server]Invalid column name 'Name'. (207) (SQLExecDirectW)")
2026-06-25 15:21:07,534 [ERROR] [upsert] Gagal pada DeviceID=1011, Software=Git: ('42S22', "[42S22] [Microsoft][ODBC Driver 17 for SQL Server][SQL Server]Invalid column name 'Name'. (207) (SQLExecDirectW)")
2026-06-25 15:21:07,534 [ERROR] [upsert] Gagal pada DeviceID=1000, Software=Python 3.14.2 Documentation (64-bit): ('42S22', "[42S22] [Microsoft][ODBC Driver 17 for SQL Server][SQL Server]Invalid column name 'Name'. (207) (SQLExecDirectW)")
2026-06-25 15:21:07,535 [ERROR] [upsert] Gagal pada DeviceID=1011, Software=Python 3.14.2 Documentation (64-bit): ('42S22', "[42S22] [Microsoft][ODBC Driver 17 for SQL Server][SQL Server]Invalid column name 'Name'. (207) (SQLExecDirectW)")
2026-06-25 15:21:07,536 [ERROR] [upsert] Gagal pada DeviceID=1000, Software=Python 3.9.0 Utility Scripts (64-bit): ('42S22', "[42S22] [Microsoft][ODBC Driver 17 for SQL Server][SQL Server]Invalid column name 'Name'. (207) (SQLExecDirectW)")
2026-06-25 15:21:07,537 [ERROR] [upsert] Gagal pada DeviceID=1011, Software=Python 3.9.0 Utility Scripts (64-bit): ('42S22', "[42S22] [Microsoft][ODBC Driver 17 for SQL Server][SQL Server]Invalid column name 'Name'. (207) (SQLExecDirectW)")
2026-06-25 15:21:07,537 [ERROR] [upsert] Gagal pada DeviceID=1000, Software=Universal CRT Tools x86: ('42S22', "[42S22] [Microsoft][ODBC Driver 17 for SQL Server][SQL Server]Invalid column name 'Name'. (207) (SQLExecDirectW)")
2026-06-25 15:21:07,538 [ERROR] [upsert] Gagal pada DeviceID=1000, Software=Windows SDK for Windows Store Apps Tools: ('42S22', "[42S22] [Microsoft][ODBC Driver 17 for SQL Server][SQL Server]Invalid column name 'Name'. (207) (SQLExecDirectW)")
2026-06-25 15:21:07,539 [ERROR] [upsert] Gagal pada DeviceID=1000, Software=Trellix Agent: ('42S22', "[42S22] [Microsoft][ODBC Driver 17 for SQL Server][SQL Server]Invalid column name 'Name'. (207) (SQLExecDirectW)")
2026-06-25 15:21:07,539 [ERROR] [upsert] Gagal pada DeviceID=1000, Software=Windows Team Extension SDK Contracts: ('42S22', "[42S22] [Microsoft][ODBC Driver 17 for SQL Server][SQL Server]Invalid column name 'Name'. (207) (SQLExecDirectW)")
2026-06-25 15:21:07,540 [ERROR] [upsert] Gagal pada DeviceID=1000, Software=BMC Client Management Master: ('42S22', "[42S22] [Microsoft][ODBC Driver 17 for SQL Server][SQL Server]Invalid column name 'Name'. (207) (SQLExecDirectW)")
2026-06-25 15:21:07,541 [ERROR] [upsert] Gagal pada DeviceID=1011, Software=BMC Client Management Master: ('42S22', "[42S22] [Microsoft][ODBC Driver 17 for SQL Server][SQL Server]Invalid column name 'Name'. (207) (SQLExecDirectW)")
2026-06-25 15:21:07,542 [ERROR] [upsert] Gagal pada DeviceID=1000, Software=Python 3.9.0 Core Interpreter (64-bit): ('42S22', "[42S22] [Microsoft][ODBC Driver 17 for SQL Server][SQL Server]Invalid column name 'Name'. (207) (SQLExecDirectW)")
2026-06-25 15:21:07,542 [ERROR] [upsert] Gagal pada DeviceID=1011, Software=Python 3.9.0 Core Interpreter (64-bit): ('42S22', "[42S22] [Microsoft][ODBC Driver 17 for SQL Server][SQL Server]Invalid column name 'Name'. (207) (SQLExecDirectW)")
2026-06-25 15:21:07,543 [ERROR] [upsert] Gagal pada DeviceID=1000, Software=Windows SDK Desktop Headers arm: ('42S22', "[42S22] [Microsoft][ODBC Driver 17 for SQL Server][SQL Server]Invalid column name 'Name'. (207) (SQLExecDirectW)")
2026-06-25 15:21:07,544 [ERROR] [upsert] Gagal pada DeviceID=1000, Software=Universal CRT Redistributable: ('42S22', "[42S22] [Microsoft][ODBC Driver 17 for SQL Server][SQL Server]Invalid column name 'Name'. (207) (SQLExecDirectW)")
2026-06-25 15:21:07,544 [ERROR] [upsert] Gagal pada DeviceID=1000, Software=DiagnosticsHub_CollectionService: ('42S22', "[42S22] [Microsoft][ODBC Driver 17 for SQL Server][SQL Server]Invalid column name 'Name'. (207) (SQLExecDirectW)")
2026-06-25 15:21:07,545 [ERROR] [upsert] Gagal pada DeviceID=1011, Software=DiagnosticsHub_CollectionService: ('42S22', "[42S22] [Microsoft][ODBC Driver 17 for SQL Server][SQL Server]Invalid column name 'Name'. (207) (SQLExecDirectW)")
2026-06-25 15:21:07,546 [ERROR] [upsert] Gagal pada DeviceID=1000, Software=Windows SDK Desktop Headers x64: ('42S22', "[42S22] [Microsoft][ODBC Driver 17 for SQL Server][SQL Server]Invalid column name 'Name'. (207) (SQLExecDirectW)")
2026-06-25 15:21:07,546 [ERROR] [upsert] Gagal pada DeviceID=1000, Software=SQL Server 2022 Common Files: ('42S22', "[42S22] [Microsoft][ODBC Driver 17 for SQL Server][SQL Server]Invalid column name 'Name'. (207) (SQLExecDirectW)")
2026-06-25 15:21:07,547 [ERROR] [upsert] Gagal pada DeviceID=1002, Software=SQL Server 2022 Common Files: ('42S22', "[42S22] [Microsoft][ODBC Driver 17 for SQL Server][SQL Server]Invalid column name 'Name'. (207) (SQLExecDirectW)")
2026-06-25 15:21:07,548 [ERROR] [upsert] Gagal pada DeviceID=1011, Software=SQL Server 2022 Common Files: ('42S22', "[42S22] [Microsoft][ODBC Driver 17 for SQL Server][SQL Server]Invalid column name 'Name'. (207) (SQLExecDirectW)")
2026-06-25 15:21:07,548 [ERROR] [upsert] Gagal pada DeviceID=1000, Software=Control-M Automation API (version 9.0.21.300) (Default): ('42S22', "[42S22] [Microsoft][ODBC Driver 17 for SQL Server][SQL Server]Invalid column name 'Name'. (207) (SQLExecDirectW)")
2026-06-25 15:21:07,549 [ERROR] [upsert] Gagal pada DeviceID=1000, Software=Microsoft Visual C++ 2022 X64 Additional Runtime - 14.44.35211: ('42S22', "[42S22] [Microsoft][ODBC Driver 17 for SQL Server][SQL Server]Invalid column name 'Name'. (207) (SQLExecDirectW)")
2026-06-25 15:21:07,550 [ERROR] [upsert] Gagal pada DeviceID=1011, Software=Microsoft Visual C++ 2022 X64 Additional Runtime - 14.44.35211: ('42S22', "[42S22] [Microsoft][ODBC Driver 17 for SQL Server][SQL Server]Invalid column name 'Name'. (207) (SQLExecDirectW)")
2026-06-25 15:21:07,551 [ERROR] [upsert] Gagal pada DeviceID=1000, Software=SQL Server 2022 XEvent: ('42S22', "[42S22] [Microsoft][ODBC Driver 17 for SQL Server][SQL Server]Invalid column name 'Name'. (207) (SQLExecDirectW)")
2026-06-25 15:21:07,552 [ERROR] [upsert] Gagal pada DeviceID=1002, Software=SQL Server 2022 XEvent: ('42S22', "[42S22] [Microsoft][ODBC Driver 17 for SQL Server][SQL Server]Invalid column name 'Name'. (207) (SQLExecDirectW)")
2026-06-25 15:21:07,552 [ERROR] [upsert] Gagal pada DeviceID=1011, Software=SQL Server 2022 XEvent: ('42S22', "[42S22] [Microsoft][ODBC Driver 17 for SQL Server][SQL Server]Invalid column name 'Name'. (207) (SQLExecDirectW)")
2026-06-25 15:21:07,553 [ERROR] [upsert] Gagal pada DeviceID=1000, Software=Windows SDK Desktop Tools x86: ('42S22', "[42S22] [Microsoft][ODBC Driver 17 for SQL Server][SQL Server]Invalid column name 'Name'. (207) (SQLExecDirectW)")
2026-06-25 15:21:07,554 [ERROR] [upsert] Gagal pada DeviceID=1000, Software=Python 3.14.2 Executables (64-bit): ('42S22', "[42S22] [Microsoft][ODBC Driver 17 for SQL Server][SQL Server]Invalid column name 'Name'. (207) (SQLExecDirectW)")
2026-06-25 15:21:07,554 [ERROR] [upsert] Gagal pada DeviceID=1011, Software=Python 3.14.2 Executables (64-bit): ('42S22', "[42S22] [Microsoft][ODBC Driver 17 for SQL Server][SQL Server]Invalid column name 'Name'. (207) (SQLExecDirectW)")
2026-06-25 15:21:07,555 [ERROR] [upsert] Gagal pada DeviceID=1000, Software=SDK ARM Additions: ('42S22', "[42S22] [Microsoft][ODBC Driver 17 for SQL Server][SQL Server]Invalid column name 'Name'. (207) (SQLExecDirectW)")
2026-06-25 15:21:07,556 [ERROR] [upsert] Gagal pada DeviceID=1000, Software=WinRAR 7.20 (64-bit): ('42S22', "[42S22] [Microsoft][ODBC Driver 17 for SQL Server][SQL Server]Invalid column name 'Name'. (207) (SQLExecDirectW)")
2026-06-25 15:21:07,556 [ERROR] [upsert] Gagal pada DeviceID=1011, Software=WinRAR 7.20 (64-bit): ('42S22', "[42S22] [Microsoft][ODBC Driver 17 for SQL Server][SQL Server]Invalid column name 'Name'. (207) (SQLExecDirectW)")
2026-06-25 15:21:07,557 [ERROR] [upsert] Gagal pada DeviceID=1000, Software=Microsoft Visual C++ 2019 X86 Debug Runtime - 14.29.30157: ('42S22', "[42S22] [Microsoft][ODBC Driver 17 for SQL Server][SQL Server]Invalid column name 'Name'. (207) (SQLExecDirectW)")
2026-06-25 15:21:07,557 [ERROR] [upsert] Gagal pada DeviceID=1000, Software=Python 3.9.0 Documentation (64-bit): ('42S22', "[42S22] [Microsoft][ODBC Driver 17 for SQL Server][SQL Server]Invalid column name 'Name'. (207) (SQLExecDirectW)")
2026-06-25 15:21:07,558 [ERROR] [upsert] Gagal pada DeviceID=1011, Software=Python 3.9.0 Documentation (64-bit): ('42S22', "[42S22] [Microsoft][ODBC Driver 17 for SQL Server][SQL Server]Invalid column name 'Name'. (207) (SQLExecDirectW)")
2026-06-25 15:21:07,559 [ERROR] [upsert] Gagal pada DeviceID=1000, Software=WinRT Intellisense PPI - Other Languages: ('42S22', "[42S22] [Microsoft][ODBC Driver 17 for SQL Server][SQL Server]Invalid column name 'Name'. (207) (SQLExecDirectW)")
2026-06-25 15:21:07,559 [ERROR] [upsert] Gagal pada DeviceID=1000, Software=vs_filehandler_x86: ('42S22', "[42S22] [Microsoft][ODBC Driver 17 for SQL Server][SQL Server]Invalid column name 'Name'. (207) (SQLExecDirectW)")
2026-06-25 15:21:07,560 [ERROR] [upsert] Gagal pada DeviceID=1000, Software=Python 3.14.2 Standard Library (64-bit): ('42S22', "[42S22] [Microsoft][ODBC Driver 17 for SQL Server][SQL Server]Invalid column name 'Name'. (207) (SQLExecDirectW)")
2026-06-25 15:21:07,561 [ERROR] [upsert] Gagal pada DeviceID=1011, Software=Python 3.14.2 Standard Library (64-bit): ('42S22', "[42S22] [Microsoft][ODBC Driver 17 for SQL Server][SQL Server]Invalid column name 'Name'. (207) (SQLExecDirectW)")
2026-06-25 15:21:07,561 [ERROR] [upsert] Gagal pada DeviceID=1000, Software=SQL Server 2022 Shared Management Objects: ('42S22', "[42S22] [Microsoft][ODBC Driver 17 for SQL Server][SQL Server]Invalid column name 'Name'. (207) (SQLExecDirectW)")
2026-06-25 15:21:07,562 [ERROR] [upsert] Gagal pada DeviceID=1002, Software=SQL Server 2022 Shared Management Objects: ('42S22', "[42S22] [Microsoft][ODBC Driver 17 for SQL Server][SQL Server]Invalid column name 'Name'. (207) (SQLExecDirectW)")
2026-06-25 15:21:07,563 [ERROR] [upsert] Gagal pada DeviceID=1011, Software=SQL Server 2022 Shared Management Objects: ('42S22', "[42S22] [Microsoft][ODBC Driver 17 for SQL Server][SQL Server]Invalid column name 'Name'. (207) (SQLExecDirectW)")
2026-06-25 15:21:07,563 [ERROR] [upsert] Gagal pada DeviceID=1000, Software=Windows SDK Desktop Libs x64: ('42S22', "[42S22] [Microsoft][ODBC Driver 17 for SQL Server][SQL Server]Invalid column name 'Name'. (207) (SQLExecDirectW)")
2026-06-25 15:21:07,564 [ERROR] [upsert] Gagal pada DeviceID=1000, Software=Windows SDK Facade Windows WinMD Versioned: ('42S22', "[42S22] [Microsoft][ODBC Driver 17 for SQL Server][SQL Server]Invalid column name 'Name'. (207) (SQLExecDirectW)")
2026-06-25 15:21:07,565 [ERROR] [upsert] Gagal pada DeviceID=1000, Software=Windows SDK ARM Desktop Tools: ('42S22', "[42S22] [Microsoft][ODBC Driver 17 for SQL Server][SQL Server]Invalid column name 'Name'. (207) (SQLExecDirectW)")
2026-06-25 15:21:07,565 [ERROR] [upsert] Gagal pada DeviceID=1000, Software=Browser for SQL Server 2022: ('42S22', "[42S22] [Microsoft][ODBC Driver 17 for SQL Server][SQL Server]Invalid column name 'Name'. (207) (SQLExecDirectW)")
2026-06-25 15:21:07,566 [ERROR] [upsert] Gagal pada DeviceID=1002, Software=Browser for SQL Server 2022: ('42S22', "[42S22] [Microsoft][ODBC Driver 17 for SQL Server][SQL Server]Invalid column name 'Name'. (207) (SQLExecDirectW)")
2026-06-25 15:21:07,567 [ERROR] [upsert] Gagal pada DeviceID=1000, Software=Microsoft Visual C++ 2022 X64 Minimum Runtime - 14.44.35211: ('42S22', "[42S22] [Microsoft][ODBC Driver 17 for SQL Server][SQL Server]Invalid column name 'Name'. (207) (SQLExecDirectW)")
2026-06-25 15:21:07,567 [ERROR] [upsert] Gagal pada DeviceID=1011, Software=Microsoft Visual C++ 2022 X64 Minimum Runtime - 14.44.35211: ('42S22', "[42S22] [Microsoft][ODBC Driver 17 for SQL Server][SQL Server]Invalid column name 'Name'. (207) (SQLExecDirectW)")
2026-06-25 15:21:07,568 [ERROR] [upsert] Gagal pada DeviceID=1000, Software=Microsoft OLE DB Driver for SQL Server: ('42S22', "[42S22] [Microsoft][ODBC Driver 17 for SQL Server][SQL Server]Invalid column name 'Name'. (207) (SQLExecDirectW)")
2026-06-25 15:21:07,569 [ERROR] [upsert] Gagal pada DeviceID=1011, Software=Microsoft OLE DB Driver for SQL Server: ('42S22', "[42S22] [Microsoft][ODBC Driver 17 for SQL Server][SQL Server]Invalid column name 'Name'. (207) (SQLExecDirectW)")
2026-06-25 15:21:07,569 [ERROR] [upsert] Gagal pada DeviceID=1000, Software=Microsoft VSS Writer for SQL Server 2022: ('42S22', "[42S22] [Microsoft][ODBC Driver 17 for SQL Server][SQL Server]Invalid column name 'Name'. (207) (SQLExecDirectW)")
2026-06-25 15:21:07,570 [ERROR] [upsert] Gagal pada DeviceID=1002, Software=Microsoft VSS Writer for SQL Server 2022: ('42S22', "[42S22] [Microsoft][ODBC Driver 17 for SQL Server][SQL Server]Invalid column name 'Name'. (207) (SQLExecDirectW)")
2026-06-25 15:21:07,571 [ERROR] [upsert] Gagal pada DeviceID=1011, Software=Microsoft VSS Writer for SQL Server 2022: ('42S22', "[42S22] [Microsoft][ODBC Driver 17 for SQL Server][SQL Server]Invalid column name 'Name'. (207) (SQLExecDirectW)")
2026-06-25 15:21:07,571 [ERROR] [upsert] Gagal pada DeviceID=1000, Software=Windows IoT Extension SDK Contracts: ('42S22', "[42S22] [Microsoft][ODBC Driver 17 for SQL Server][SQL Server]Invalid column name 'Name'. (207) (SQLExecDirectW)")
2026-06-25 15:21:07,572 [ERROR] [upsert] Gagal pada DeviceID=1000, Software=Windows SDK for Windows Store Apps DirectX x86 Remote: ('42S22', "[42S22] [Microsoft][ODBC Driver 17 for SQL Server][SQL Server]Invalid column name 'Name'. (207) (SQLExecDirectW)")
2026-06-25 15:21:07,573 [ERROR] [upsert] Gagal pada DeviceID=1000, Software=Universal CRT Redistributable: ('42S22', "[42S22] [Microsoft][ODBC Driver 17 for SQL Server][SQL Server]Invalid column name 'Name'. (207) (SQLExecDirectW)")
2026-06-25 15:21:07,573 [ERROR] [upsert] Gagal pada DeviceID=1000, Software=WinRT Intellisense IoT - Other Languages: ('42S22', "[42S22] [Microsoft][ODBC Driver 17 for SQL Server][SQL Server]Invalid column name 'Name'. (207) (SQLExecDirectW)")
2026-06-25 15:21:07,574 [ERROR] [upsert] Gagal pada DeviceID=1000, Software=SQL Server 2022 SQL Diagnostics: ('42S22', "[42S22] [Microsoft][ODBC Driver 17 for SQL Server][SQL Server]Invalid column name 'Name'. (207) (SQLExecDirectW)")
2026-06-25 15:21:07,575 [ERROR] [upsert] Gagal pada DeviceID=1002, Software=SQL Server 2022 SQL Diagnostics: ('42S22', "[42S22] [Microsoft][ODBC Driver 17 for SQL Server][SQL Server]Invalid column name 'Name'. (207) (SQLExecDirectW)")
2026-06-25 15:21:07,576 [ERROR] [upsert] Gagal pada DeviceID=1011, Software=SQL Server 2022 SQL Diagnostics: ('42S22', "[42S22] [Microsoft][ODBC Driver 17 for SQL Server][SQL Server]Invalid column name 'Name'. (207) (SQLExecDirectW)")
2026-06-25 15:21:07,576 [ERROR] [upsert] Gagal pada DeviceID=1000, Software=WinAppDeploy: ('42S22', "[42S22] [Microsoft][ODBC Driver 17 for SQL Server][SQL Server]Invalid column name 'Name'. (207) (SQLExecDirectW)")
2026-06-25 15:21:07,577 [ERROR] [upsert] Gagal pada DeviceID=1000, Software=Windows SDK Modern Versioned Developer Tools: ('42S22', "[42S22] [Microsoft][ODBC Driver 17 for SQL Server][SQL Server]Invalid column name 'Name'. (207) (SQLExecDirectW)")
2026-06-25 15:21:07,578 [ERROR] [upsert] Gagal pada DeviceID=1000, Software=Microsoft .NET Host FX Resolver - 8.0.15 (x64): ('42S22', "[42S22] [Microsoft][ODBC Driver 17 for SQL Server][SQL Server]Invalid column name 'Name'. (207) (SQLExecDirectW)")
2026-06-25 15:21:07,578 [ERROR] [upsert] Gagal pada DeviceID=1011, Software=Microsoft .NET Host FX Resolver - 8.0.15 (x64): ('42S22', "[42S22] [Microsoft][ODBC Driver 17 for SQL Server][SQL Server]Invalid column name 'Name'. (207) (SQLExecDirectW)")
2026-06-25 15:21:07,579 [ERROR] [upsert] Gagal pada DeviceID=1000, Software=Windows SDK Modern Non-Versioned Developer Tools: ('42S22', "[42S22] [Microsoft][ODBC Driver 17 for SQL Server][SQL Server]Invalid column name 'Name'. (207) (SQLExecDirectW)")
2026-06-25 15:21:07,580 [ERROR] [upsert] Gagal pada DeviceID=1000, Software=Trellix Data Exchange Layer for TA: ('42S22', "[42S22] [Microsoft][ODBC Driver 17 for SQL Server][SQL Server]Invalid column name 'Name'. (207) (SQLExecDirectW)")
2026-06-25 15:21:07,580 [ERROR] [upsert] Gagal pada DeviceID=1011, Software=Trellix Data Exchange Layer for TA: ('42S22', "[42S22] [Microsoft][ODBC Driver 17 for SQL Server][SQL Server]Invalid column name 'Name'. (207) (SQLExecDirectW)")
2026-06-25 15:21:07,581 [ERROR] [upsert] Gagal pada DeviceID=1000, Software=vs_vswebprotocolselectormsi: ('42S22', "[42S22] [Microsoft][ODBC Driver 17 for SQL Server][SQL Server]Invalid column name 'Name'. (207) (SQLExecDirectW)")
2026-06-25 15:21:07,582 [ERROR] [upsert] Gagal pada DeviceID=1000, Software=Microsoft .NET Host - 8.0.15 (x64): ('42S22', "[42S22] [Microsoft][ODBC Driver 17 for SQL Server][SQL Server]Invalid column name 'Name'. (207) (SQLExecDirectW)")
2026-06-25 15:21:07,582 [ERROR] [upsert] Gagal pada DeviceID=1011, Software=Microsoft .NET Host - 8.0.15 (x64): ('42S22', "[42S22] [Microsoft][ODBC Driver 17 for SQL Server][SQL Server]Invalid column name 'Name'. (207) (SQLExecDirectW)")
2026-06-25 15:21:07,583 [ERROR] [upsert] Gagal pada DeviceID=1000, Software=vs_CoreEditorFonts: ('42S22', "[42S22] [Microsoft][ODBC Driver 17 for SQL Server][SQL Server]Invalid column name 'Name'. (207) (SQLExecDirectW)")
2026-06-25 15:21:07,584 [ERROR] [upsert] Gagal pada DeviceID=1002, Software=vs_CoreEditorFonts: ('42S22', "[42S22] [Microsoft][ODBC Driver 17 for SQL Server][SQL Server]Invalid column name 'Name'. (207) (SQLExecDirectW)")
2026-06-25 15:21:07,584 [ERROR] [upsert] Gagal pada DeviceID=1000, Software=vs_filehandler_amd64: ('42S22', "[42S22] [Microsoft][ODBC Driver 17 for SQL Server][SQL Server]Invalid column name 'Name'. (207) (SQLExecDirectW)")
2026-06-25 15:21:07,585 [ERROR] [upsert] Gagal pada DeviceID=1000, Software=vs_communitymsi: ('42S22', "[42S22] [Microsoft][ODBC Driver 17 for SQL Server][SQL Server]Invalid column name 'Name'. (207) (SQLExecDirectW)")
2026-06-25 15:21:07,586 [ERROR] [upsert] Gagal pada DeviceID=1000, Software=vs_FileTracker_Singleton: ('42S22', "[42S22] [Microsoft][ODBC Driver 17 for SQL Server][SQL Server]Invalid column name 'Name'. (207) (SQLExecDirectW)")
2026-06-25 15:21:07,587 [ERROR] [upsert] Gagal pada DeviceID=1000, Software=Windows SDK for Windows Store Managed Apps Libs: ('42S22', "[42S22] [Microsoft][ODBC Driver 17 for SQL Server][SQL Server]Invalid column name 'Name'. (207) (SQLExecDirectW)")
2026-06-25 15:21:07,587 [ERROR] [upsert] Gagal pada DeviceID=1000, Software=vs_minshellinteropx64msi: ('42S22', "[42S22] [Microsoft][ODBC Driver 17 for SQL Server][SQL Server]Invalid column name 'Name'. (207) (SQLExecDirectW)")
2026-06-25 15:21:07,588 [ERROR] [upsert] Gagal pada DeviceID=1011, Software=vs_minshellinteropx64msi: ('42S22', "[42S22] [Microsoft][ODBC Driver 17 for SQL Server][SQL Server]Invalid column name 'Name'. (207) (SQLExecDirectW)")
2026-06-25 15:21:07,589 [ERROR] [upsert] Gagal pada DeviceID=1000, Software=Windows SDK Desktop Libs x86: ('42S22', "[42S22] [Microsoft][ODBC Driver 17 for SQL Server][SQL Server]Invalid column name 'Name'. (207) (SQLExecDirectW)")
2026-06-25 15:21:07,589 [ERROR] [upsert] Gagal pada DeviceID=1000, Software=Python 3.9.0 pip Bootstrap (64-bit): ('42S22', "[42S22] [Microsoft][ODBC Driver 17 for SQL Server][SQL Server]Invalid column name 'Name'. (207) (SQLExecDirectW)")
2026-06-25 15:21:07,590 [ERROR] [upsert] Gagal pada DeviceID=1011, Software=Python 3.9.0 pip Bootstrap (64-bit): ('42S22', "[42S22] [Microsoft][ODBC Driver 17 for SQL Server][SQL Server]Invalid column name 'Name'. (207) (SQLExecDirectW)")
2026-06-25 15:21:07,591 [ERROR] [upsert] Gagal pada DeviceID=1000, Software=vs_ssmsprotocolselectormsi: ('42S22', "[42S22] [Microsoft][ODBC Driver 17 for SQL Server][SQL Server]Invalid column name 'Name'. (207) (SQLExecDirectW)")
2026-06-25 15:21:07,591 [ERROR] [upsert] Gagal pada DeviceID=1000, Software=Windows SDK for Windows Store Apps Metadata: ('42S22', "[42S22] [Microsoft][ODBC Driver 17 for SQL Server][SQL Server]Invalid column name 'Name'. (207) (SQLExecDirectW)")
2026-06-25 15:21:07,592 [ERROR] [upsert] Gagal pada DeviceID=1000, Software=Windows SDK for Windows Store Apps: ('42S22', "[42S22] [Microsoft][ODBC Driver 17 for SQL Server][SQL Server]Invalid column name 'Name'. (207) (SQLExecDirectW)")
2026-06-25 15:21:07,592 [ERROR] [upsert] Gagal pada DeviceID=1000, Software=Windows SDK Signing Tools: ('42S22', "[42S22] [Microsoft][ODBC Driver 17 for SQL Server][SQL Server]Invalid column name 'Name'. (207) (SQLExecDirectW)")
2026-06-25 15:21:07,593 [ERROR] [upsert] Gagal pada DeviceID=1000, Software=WinRT Intellisense UAP - en-us: ('42S22', "[42S22] [Microsoft][ODBC Driver 17 for SQL Server][SQL Server]Invalid column name 'Name'. (207) (SQLExecDirectW)")
2026-06-25 15:21:07,594 [ERROR] [upsert] Gagal pada DeviceID=1000, Software=Microsoft Visual C++ 2015-2022 Redistributable (x64) - 14.44.35211: ('42S22', "[42S22] [Microsoft][ODBC Driver 17 for SQL Server][SQL Server]Invalid column name 'Name'. (207) (SQLExecDirectW)")
2026-06-25 15:21:07,594 [ERROR] [upsert] Gagal pada DeviceID=1000, Software=Control-M 9.0.21.300: ('42S22', "[42S22] [Microsoft][ODBC Driver 17 for SQL Server][SQL Server]Invalid column name 'Name'. (207) (SQLExecDirectW)")
2026-06-25 15:21:07,595 [ERROR] [upsert] Gagal pada DeviceID=1011, Software=Control-M 9.0.21.300: ('42S22', "[42S22] [Microsoft][ODBC Driver 17 for SQL Server][SQL Server]Invalid column name 'Name'. (207) (SQLExecDirectW)")
2026-06-25 15:21:07,596 [ERROR] [upsert] Gagal pada DeviceID=1002, Software=Python Launcher: ('42S22', "[42S22] [Microsoft][ODBC Driver 17 for SQL Server][SQL Server]Invalid column name 'Name'. (207) (SQLExecDirectW)")
2026-06-25 15:21:07,596 [ERROR] [upsert] Gagal pada DeviceID=1002, Software=Microsoft Visual C++ 2022 X86 Additional Runtime - 14.50.35719: ('42S22', "[42S22] [Microsoft][ODBC Driver 17 for SQL Server][SQL Server]Invalid column name 'Name'. (207) (SQLExecDirectW)")
2026-06-25 15:21:07,597 [ERROR] [upsert] Gagal pada DeviceID=1002, Software=Microsoft ODBC Driver 17 for SQL Server: ('42S22', "[42S22] [Microsoft][ODBC Driver 17 for SQL Server][SQL Server]Invalid column name 'Name'. (207) (SQLExecDirectW)")
2026-06-25 15:21:07,598 [ERROR] [upsert] Gagal pada DeviceID=1002, Software=Python 3.12.10 pip Bootstrap (64-bit): ('42S22', "[42S22] [Microsoft][ODBC Driver 17 for SQL Server][SQL Server]Invalid column name 'Name'. (207) (SQLExecDirectW)")
2026-06-25 15:21:07,599 [ERROR] [upsert] Gagal pada DeviceID=1002, Software=Microsoft Visual C++ 2022 X86 Minimum Runtime - 14.50.35719: ('42S22', "[42S22] [Microsoft][ODBC Driver 17 for SQL Server][SQL Server]Invalid column name 'Name'. (207) (SQLExecDirectW)")
2026-06-25 15:21:07,599 [ERROR] [upsert] Gagal pada DeviceID=1002, Software=Microsoft OLE DB Driver for SQL Server: ('42S22', "[42S22] [Microsoft][ODBC Driver 17 for SQL Server][SQL Server]Invalid column name 'Name'. (207) (SQLExecDirectW)")
2026-06-25 15:21:07,600 [ERROR] [upsert] Gagal pada DeviceID=1002, Software=Python 3.12.10 Test Suite (64-bit): ('42S22', "[42S22] [Microsoft][ODBC Driver 17 for SQL Server][SQL Server]Invalid column name 'Name'. (207) (SQLExecDirectW)")
2026-06-25 15:21:07,600 [ERROR] [upsert] Gagal pada DeviceID=1002, Software=Python 3.12.10 Tcl/Tk Support (64-bit): ('42S22', "[42S22] [Microsoft][ODBC Driver 17 for SQL Server][SQL Server]Invalid column name 'Name'. (207) (SQLExecDirectW)")
2026-06-25 15:21:07,601 [ERROR] [upsert] Gagal pada DeviceID=1002, Software=vs_minshellx64msi: ('42S22', "[42S22] [Microsoft][ODBC Driver 17 for SQL Server][SQL Server]Invalid column name 'Name'. (207) (SQLExecDirectW)")
2026-06-25 15:21:07,602 [ERROR] [upsert] Gagal pada DeviceID=1002, Software=vs_filehandler_amd64: ('42S22', "[42S22] [Microsoft][ODBC Driver 17 for SQL Server][SQL Server]Invalid column name 'Name'. (207) (SQLExecDirectW)")
2026-06-25 15:21:07,602 [ERROR] [upsert] Gagal pada DeviceID=1002, Software=DiagnosticsHub_CollectionService: ('42S22', "[42S22] [Microsoft][ODBC Driver 17 for SQL Server][SQL Server]Invalid column name 'Name'. (207) (SQLExecDirectW)")
2026-06-25 15:21:07,603 [ERROR] [upsert] Gagal pada DeviceID=1002, Software=Microsoft Visual C++ 2022 X64 Additional Runtime - 14.50.35719: ('42S22', "[42S22] [Microsoft][ODBC Driver 17 for SQL Server][SQL Server]Invalid column name 'Name'. (207) (SQLExecDirectW)")
2026-06-25 15:21:07,604 [ERROR] [upsert] Gagal pada DeviceID=1002, Software=vs_minshellmsires: ('42S22', "[42S22] [Microsoft][ODBC Driver 17 for SQL Server][SQL Server]Invalid column name 'Name'. (207) (SQLExecDirectW)")
2026-06-25 15:21:07,604 [ERROR] [upsert] Gagal pada DeviceID=1002, Software=Python 3.12.10 Documentation (64-bit): ('42S22', "[42S22] [Microsoft][ODBC Driver 17 for SQL Server][SQL Server]Invalid column name 'Name'. (207) (SQLExecDirectW)")
2026-06-25 15:21:07,605 [ERROR] [upsert] Gagal pada DeviceID=1002, Software=vs_communitysharedmsi: ('42S22', "[42S22] [Microsoft][ODBC Driver 17 for SQL Server][SQL Server]Invalid column name 'Name'. (207) (SQLExecDirectW)")
2026-06-25 15:21:07,606 [ERROR] [upsert] Gagal pada DeviceID=1002, Software=vs_minshellsharedmsi: ('42S22', "[42S22] [Microsoft][ODBC Driver 17 for SQL Server][SQL Server]Invalid column name 'Name'. (207) (SQLExecDirectW)")
2026-06-25 15:21:07,607 [ERROR] [upsert] Gagal pada DeviceID=1002, Software=vs_FileTracker_Singleton: ('42S22', "[42S22] [Microsoft][ODBC Driver 17 for SQL Server][SQL Server]Invalid column name 'Name'. (207) (SQLExecDirectW)")
2026-06-25 15:21:07,608 [ERROR] [upsert] Gagal pada DeviceID=1002, Software=Python 3.12.10 Development Libraries (64-bit): ('42S22', "[42S22] [Microsoft][ODBC Driver 17 for SQL Server][SQL Server]Invalid column name 'Name'. (207) (SQLExecDirectW)")
2026-06-25 15:21:07,608 [ERROR] [upsert] Gagal pada DeviceID=1002, Software=vs_ssmsprotocolselectormsi: ('42S22', "[42S22] [Microsoft][ODBC Driver 17 for SQL Server][SQL Server]Invalid column name 'Name'. (207) (SQLExecDirectW)")
2026-06-25 15:21:07,609 [ERROR] [upsert] Gagal pada DeviceID=1002, Software=vs_minshellinteropsharedmsi: ('42S22', "[42S22] [Microsoft][ODBC Driver 17 for SQL Server][SQL Server]Invalid column name 'Name'. (207) (SQLExecDirectW)")
2026-06-25 15:21:07,610 [ERROR] [upsert] Gagal pada DeviceID=1002, Software=vs_minshellinteropx64msi: ('42S22', "[42S22] [Microsoft][ODBC Driver 17 for SQL Server][SQL Server]Invalid column name 'Name'. (207) (SQLExecDirectW)")
2026-06-25 15:21:07,610 [ERROR] [upsert] Gagal pada DeviceID=1002, Software=vs_communitymsires: ('42S22', "[42S22] [Microsoft][ODBC Driver 17 for SQL Server][SQL Server]Invalid column name 'Name'. (207) (SQLExecDirectW)")
2026-06-25 15:21:07,611 [ERROR] [upsert] Gagal pada DeviceID=1002, Software=vs_communityx64msi: ('42S22', "[42S22] [Microsoft][ODBC Driver 17 for SQL Server][SQL Server]Invalid column name 'Name'. (207) (SQLExecDirectW)")
2026-06-25 15:21:07,612 [ERROR] [upsert] Gagal pada DeviceID=1002, Software=vs_filehandler_x86: ('42S22', "[42S22] [Microsoft][ODBC Driver 17 for SQL Server][SQL Server]Invalid column name 'Name'. (207) (SQLExecDirectW)")
2026-06-25 15:21:07,612 [ERROR] [upsert] Gagal pada DeviceID=1002, Software=Microsoft Visual C++ 2022 X64 Minimum Runtime - 14.50.35719: ('42S22', "[42S22] [Microsoft][ODBC Driver 17 for SQL Server][SQL Server]Invalid column name 'Name'. (207) (SQLExecDirectW)")
2026-06-25 15:21:07,613 [ERROR] [upsert] Gagal pada DeviceID=1002, Software=Python 3.12.10 Executables (64-bit): ('42S22', "[42S22] [Microsoft][ODBC Driver 17 for SQL Server][SQL Server]Invalid column name 'Name'. (207) (SQLExecDirectW)")
2026-06-25 15:21:07,614 [ERROR] [upsert] Gagal pada DeviceID=1002, Software=Python 3.12.10 Standard Library (64-bit): ('42S22', "[42S22] [Microsoft][ODBC Driver 17 for SQL Server][SQL Server]Invalid column name 'Name'. (207) (SQLExecDirectW)")
2026-06-25 15:21:07,615 [ERROR] [upsert] Gagal pada DeviceID=1002, Software=Python 3.12.10 Core Interpreter (64-bit): ('42S22', "[42S22] [Microsoft][ODBC Driver 17 for SQL Server][SQL Server]Invalid column name 'Name'. (207) (SQLExecDirectW)")
2026-06-25 15:21:07,615 [ERROR] [upsert] Gagal pada DeviceID=1002, Software=vs_githubprotocolhandlermsi: ('42S22', "[42S22] [Microsoft][ODBC Driver 17 for SQL Server][SQL Server]Invalid column name 'Name'. (207) (SQLExecDirectW)")
2026-06-25 15:21:07,616 [ERROR] [upsert] Gagal pada DeviceID=1002, Software=vs_vswebprotocolselectormsi: ('42S22', "[42S22] [Microsoft][ODBC Driver 17 for SQL Server][SQL Server]Invalid column name 'Name'. (207) (SQLExecDirectW)")
2026-06-25 15:21:07,617 [ERROR] [upsert] Gagal pada DeviceID=1000, Software=Microsoft Visual C++ 2013 x86 Additional Runtime - 12.0.21005: ('42S22', "[42S22] [Microsoft][ODBC Driver 17 for SQL Server][SQL Server]Invalid column name 'Name'. (207) (SQLExecDirectW)")
2026-06-25 15:21:07,617 [ERROR] [upsert] Gagal pada DeviceID=1000, Software=Microsoft Visual C++ 2013 x86 Minimum Runtime - 12.0.21005: ('42S22', "[42S22] [Microsoft][ODBC Driver 17 for SQL Server][SQL Server]Invalid column name 'Name'. (207) (SQLExecDirectW)")
2026-06-25 15:21:07,618 [ERROR] [upsert] Gagal pada DeviceID=1000, Software=Npcap OEM: ('42S22', "[42S22] [Microsoft][ODBC Driver 17 for SQL Server][SQL Server]Invalid column name 'Name'. (207) (SQLExecDirectW)")
2026-06-25 15:21:07,619 [ERROR] [upsert] Gagal pada DeviceID=1000, Software=Microsoft Edge WebView2 Runtime: ('42S22', "[42S22] [Microsoft][ODBC Driver 17 for SQL Server][SQL Server]Invalid column name 'Name'. (207) (SQLExecDirectW)")
2026-06-25 15:21:07,619 [INFO] [upsert] Selesai. Diproses=0, Diskip=0, Error=253.
2026-06-25 15:21:07,620 [INFO] FINISH sync_software_rel (V_CMDB_SoftwareRel) -- 2026-06-25 15:21:07.620719
2026-06-25 15:21:07,620 [INFO] ============================================================
2026-06-25 15:29:03,237 [INFO] ============================================================
2026-06-25 15:29:03,237 [INFO] START sync_software_rel (V_CMDB_SoftwareRel) -- 2026-06-25 15:29:03.237498
2026-06-25 15:29:03,237 [INFO] ============================================================
2026-06-25 15:29:03,237 [INFO] Menghubungkan ke bcmdb sebagai sa...
2026-06-25 15:29:03,273 [INFO] Menghubungkan ke GRAFANADB sebagai sa...
2026-06-25 15:29:03,280 [INFO] [ensure_table] Tabel 'V_CMDB_SoftwareRel' sudah tersedia di GRAFANADB.
2026-06-25 15:29:03,281 [INFO] [fetch] Query: SELECT ... FROM [bcmdbuser].[V_CMDB_SoftwareRel]
2026-06-25 15:29:03,289 [INFO] [fetch] Berhasil membaca 253 baris dari bcmdb.bcmdbuser.V_CMDB_SoftwareRel.
2026-06-25 15:29:04,070 [INFO] [upsert] Selesai. Diproses=253, Diskip=0, Error=0.
2026-06-25 15:29:04,071 [INFO] FINISH sync_software_rel (V_CMDB_SoftwareRel) -- 2026-06-25 15:29:04.071501
2026-06-25 15:29:04,071 [INFO] ============================================================
2026-06-25 15:36:21,417 [INFO] ============================================================
2026-06-25 15:36:21,417 [INFO] START sync_software_rel (V_CMDB_SoftwareRel) -- 2026-06-25 15:36:21.417724
2026-06-25 15:36:21,418 [INFO] ============================================================
2026-06-25 15:36:21,418 [INFO] Menghubungkan ke bcmdb sebagai sa...
2026-06-25 15:36:21,451 [INFO] Menghubungkan ke GRAFANADB sebagai sa...
2026-06-25 15:36:21,457 [INFO] [ensure_table] Tabel 'V_CMDB_SoftwareRel' sudah tersedia di GRAFANADB.
2026-06-25 15:36:21,457 [INFO] [fetch] Query: SELECT ... FROM [bcmdbuser].[V_CMDB_SoftwareRel]
2026-06-25 15:36:21,465 [INFO] [fetch] Berhasil membaca 253 baris dari bcmdb.bcmdbuser.V_CMDB_SoftwareRel.
2026-06-25 15:36:21,524 [INFO] [upsert] Selesai. Diproses=253, Diskip=0, Error=0.
2026-06-25 15:36:21,525 [INFO] FINISH sync_software_rel (V_CMDB_SoftwareRel) -- 2026-06-25 15:36:21.525720
2026-06-25 15:36:21,525 [INFO] ============================================================
2026-06-25 15:37:16,079 [INFO] ============================================================
2026-06-25 15:37:16,079 [INFO] START sync_software_rel (V_CMDB_SoftwareRel) -- 2026-06-25 15:37:16.080000
2026-06-25 15:37:16,079 [INFO] ============================================================
2026-06-25 15:37:16,079 [INFO] Menghubungkan ke bcmdb sebagai sa...
2026-06-25 15:37:16,114 [INFO] Menghubungkan ke GRAFANADB sebagai sa...
2026-06-25 15:37:16,120 [INFO] [ensure_table] Tabel 'V_CMDB_SoftwareRel' sudah tersedia di GRAFANADB.
2026-06-25 15:37:16,120 [INFO] [fetch] Query: SELECT ... FROM [bcmdbuser].[V_CMDB_SoftwareRel]
2026-06-25 15:37:16,126 [INFO] [fetch] Berhasil membaca 253 baris dari bcmdb.bcmdbuser.V_CMDB_SoftwareRel.
2026-06-25 15:37:16,187 [INFO] [upsert] Selesai. Diproses=253, Diskip=0, Error=0.
2026-06-25 15:37:16,189 [INFO] FINISH sync_software_rel (V_CMDB_SoftwareRel) -- 2026-06-25 15:37:16.189005
2026-06-25 15:37:16,189 [INFO] ============================================================
