2026-06-25 15:21:04,902 [INFO] ============================================================
2026-06-25 15:21:04,902 [INFO] START sync_famview (V_CMDB_FAM) -- 2026-06-25 15:21:04.902179
2026-06-25 15:21:04,902 [INFO] ============================================================
2026-06-25 15:21:04,902 [INFO] Menghubungkan ke bcmdb sebagai sa...
2026-06-25 15:21:04,935 [INFO] Menghubungkan ke GRAFANADB sebagai sa...
2026-06-25 15:21:04,941 [INFO] [ensure_table] Tabel 'FAMView' sudah tersedia di GRAFANADB.
2026-06-25 15:21:04,941 [INFO] [fetch] Query: SELECT ... FROM [bcmdbuser].[FAMView]
2026-06-25 15:21:04,943 [INFO] [fetch] Berhasil membaca 33 baris dari bcmdb.bcmdbuser.FAMView.
2026-06-25 15:21:04,953 [INFO] [upsert] Selesai. Diproses=33, Diskip=0, Error=0.
2026-06-25 15:21:04,954 [INFO] FINISH sync_famview (V_CMDB_FAM) -- 2026-06-25 15:21:04.954179
2026-06-25 15:21:04,954 [INFO] ============================================================
2026-06-25 15:29:00,547 [INFO] ============================================================
2026-06-25 15:29:00,547 [INFO] START sync_famview (V_CMDB_FAM) -- 2026-06-25 15:29:00.547489
2026-06-25 15:29:00,547 [INFO] ============================================================
2026-06-25 15:29:00,548 [INFO] Menghubungkan ke bcmdb sebagai sa...
2026-06-25 15:29:00,582 [INFO] Menghubungkan ke GRAFANADB sebagai sa...
2026-06-25 15:29:00,590 [INFO] [ensure_table] Tabel 'FAMView' sudah tersedia di GRAFANADB.
2026-06-25 15:29:00,590 [INFO] [fetch] Query: SELECT ... FROM [bcmdbuser].[FAMView]
2026-06-25 15:29:00,592 [INFO] [fetch] Berhasil membaca 33 baris dari bcmdb.bcmdbuser.FAMView.
2026-06-25 15:29:00,620 [INFO] [upsert] Selesai. Diproses=33, Diskip=0, Error=0.
2026-06-25 15:29:00,621 [INFO] FINISH sync_famview (V_CMDB_FAM) -- 2026-06-25 15:29:00.621494
2026-06-25 15:29:00,621 [INFO] ============================================================
2026-06-25 15:36:20,465 [INFO] ============================================================
2026-06-25 15:36:20,465 [INFO] START sync_famview (V_CMDB_FAM) -- 2026-06-25 15:36:20.465717
2026-06-25 15:36:20,465 [INFO] ============================================================
2026-06-25 15:36:20,466 [INFO] Menghubungkan ke bcmdb sebagai sa...
2026-06-25 15:36:20,499 [INFO] Menghubungkan ke GRAFANADB sebagai sa...
2026-06-25 15:36:20,504 [INFO] [ensure_table] Tabel 'FAMView' sudah tersedia di GRAFANADB.
2026-06-25 15:36:20,504 [INFO] [fetch] Query: SELECT ... FROM [bcmdbuser].[FAMView]
2026-06-25 15:36:20,507 [INFO] [fetch] Berhasil membaca 33 baris dari bcmdb.bcmdbuser.FAMView.
2026-06-25 15:36:20,517 [INFO] [upsert] Selesai. Diproses=33, Diskip=0, Error=0.
2026-06-25 15:36:20,518 [INFO] FINISH sync_famview (V_CMDB_FAM) -- 2026-06-25 15:36:20.518720
2026-06-25 15:36:20,518 [INFO] ============================================================
2026-06-25 15:37:14,917 [INFO] ============================================================
2026-06-25 15:37:14,917 [INFO] START sync_famview (V_CMDB_FAM) -- 2026-06-25 15:37:14.917987
2026-06-25 15:37:14,917 [INFO] ============================================================
2026-06-25 15:37:14,917 [INFO] Menghubungkan ke bcmdb sebagai sa...
2026-06-25 15:37:14,951 [INFO] Menghubungkan ke GRAFANADB sebagai sa...
2026-06-25 15:37:14,957 [INFO] [ensure_table] Tabel 'FAMView' sudah tersedia di GRAFANADB.
2026-06-25 15:37:14,957 [INFO] [fetch] Query: SELECT ... FROM [bcmdbuser].[FAMView]
2026-06-25 15:37:14,959 [INFO] [fetch] Berhasil membaca 33 baris dari bcmdb.bcmdbuser.FAMView.
2026-06-25 15:37:14,970 [INFO] [upsert] Selesai. Diproses=33, Diskip=0, Error=0.
2026-06-25 15:37:14,971 [INFO] FINISH sync_famview (V_CMDB_FAM) -- 2026-06-25 15:37:14.971989
2026-06-25 15:37:14,971 [INFO] ============================================================
