2026-06-25 15:21:04,693 [INFO] ============================================================
2026-06-25 15:21:04,693 [INFO] START sync_atrium_software (Atrium_CMDB_Software) -- 2026-06-25 15:21:04.693173
2026-06-25 15:21:04,693 [INFO] ============================================================
2026-06-25 15:21:04,693 [INFO] Menghubungkan ke bcmdb sebagai sa...
2026-06-25 15:21:04,727 [INFO] Menghubungkan ke GRAFANADB sebagai sa...
2026-06-25 15:21:04,745 [INFO] [ensure_table] Tabel 'Atrium_CMDB_Software' sudah tersedia di GRAFANADB.
2026-06-25 15:21:04,745 [INFO] [fetch] Query: SELECT ... FROM [bcmdbuser].[Atrium_CMDB_Software]
2026-06-25 15:21:04,803 [INFO] [fetch] Berhasil membaca 0 baris dari bcmdb.bcmdbuser.Atrium_CMDB_Software.
2026-06-25 15:21:04,803 [WARNING] [upsert] Tidak ada data untuk di-sync.
2026-06-25 15:21:04,804 [INFO] FINISH sync_atrium_software (Atrium_CMDB_Software) -- 2026-06-25 15:21:04.804174
2026-06-25 15:21:04,804 [INFO] ============================================================
2026-06-25 15:29:00,407 [INFO] ============================================================
2026-06-25 15:29:00,408 [INFO] START sync_atrium_software (Atrium_CMDB_Software) -- 2026-06-25 15:29:00.408488
2026-06-25 15:29:00,408 [INFO] ============================================================
2026-06-25 15:29:00,408 [INFO] Menghubungkan ke bcmdb sebagai sa...
2026-06-25 15:29:00,443 [INFO] Menghubungkan ke GRAFANADB sebagai sa...
2026-06-25 15:29:00,452 [INFO] [ensure_table] Tabel 'Atrium_CMDB_Software' sudah tersedia di GRAFANADB.
2026-06-25 15:29:00,452 [INFO] [fetch] Query: SELECT ... FROM [bcmdbuser].[Atrium_CMDB_Software]
2026-06-25 15:29:00,458 [INFO] [fetch] Berhasil membaca 0 baris dari bcmdb.bcmdbuser.Atrium_CMDB_Software.
2026-06-25 15:29:00,458 [WARNING] [upsert] Tidak ada data untuk di-sync.
2026-06-25 15:29:00,459 [INFO] FINISH sync_atrium_software (Atrium_CMDB_Software) -- 2026-06-25 15:29:00.459488
2026-06-25 15:29:00,459 [INFO] ============================================================
2026-06-25 15:36:20,240 [INFO] ============================================================
2026-06-25 15:36:20,240 [INFO] START sync_atrium_software (Atrium_CMDB_Software) -- 2026-06-25 15:36:20.240718
2026-06-25 15:36:20,240 [INFO] ============================================================
2026-06-25 15:36:20,240 [INFO] Menghubungkan ke bcmdb sebagai sa...
2026-06-25 15:36:20,274 [INFO] Menghubungkan ke GRAFANADB sebagai sa...
2026-06-25 15:36:20,280 [INFO] [ensure_table] Tabel 'Atrium_CMDB_Software' sudah tersedia di GRAFANADB.
2026-06-25 15:36:20,280 [INFO] [fetch] Query: SELECT ... FROM [bcmdbuser].[Atrium_CMDB_Software]
2026-06-25 15:36:20,288 [INFO] [fetch] Berhasil membaca 0 baris dari bcmdb.bcmdbuser.Atrium_CMDB_Software.
2026-06-25 15:36:20,288 [WARNING] [upsert] Tidak ada data untuk di-sync.
2026-06-25 15:36:20,288 [INFO] FINISH sync_atrium_software (Atrium_CMDB_Software) -- 2026-06-25 15:36:20.288716
2026-06-25 15:36:20,288 [INFO] ============================================================
2026-06-25 15:37:14,772 [INFO] ============================================================
2026-06-25 15:37:14,772 [INFO] START sync_atrium_software (Atrium_CMDB_Software) -- 2026-06-25 15:37:14.772981
2026-06-25 15:37:14,773 [INFO] ============================================================
2026-06-25 15:37:14,773 [INFO] Menghubungkan ke bcmdb sebagai sa...
2026-06-25 15:37:14,811 [INFO] Menghubungkan ke GRAFANADB sebagai sa...
2026-06-25 15:37:14,816 [INFO] [ensure_table] Tabel 'Atrium_CMDB_Software' sudah tersedia di GRAFANADB.
2026-06-25 15:37:14,817 [INFO] [fetch] Query: SELECT ... FROM [bcmdbuser].[Atrium_CMDB_Software]
2026-06-25 15:37:14,821 [INFO] [fetch] Berhasil membaca 0 baris dari bcmdb.bcmdbuser.Atrium_CMDB_Software.
2026-06-25 15:37:14,822 [WARNING] [upsert] Tidak ada data untuk di-sync.
2026-06-25 15:37:14,822 [INFO] FINISH sync_atrium_software (Atrium_CMDB_Software) -- 2026-06-25 15:37:14.822987
2026-06-25 15:37:14,822 [INFO] ============================================================
